0 verbose cli /usr/local/bin/node /usr/local/bin/npm
1 info using npm@10.5.0
2 info using node@v20.12.1
3 timing npm:load:whichnode Completed in 1ms
4 timing config:load:defaults Completed in 1ms
5 timing config:load:file:/usr/local/lib/node_modules/npm/npmrc Completed in 0ms
6 timing config:load:builtin Completed in 1ms
7 timing config:load:cli Completed in 1ms
8 timing config:load:env Completed in 0ms
9 timing config:load:file:/Users/williefranklin/photography-portfolio/.npmrc Completed in 0ms
10 timing config:load:project Completed in 0ms
11 timing config:load:file:/Users/williefranklin/.npmrc Completed in 0ms
12 timing config:load:user Completed in 0ms
13 timing config:load:file:/usr/local/etc/npmrc Completed in 0ms
14 timing config:load:global Completed in 0ms
15 timing config:load:setEnvs Completed in 1ms
16 timing config:load Completed in 4ms
17 timing npm:load:configload Completed in 4ms
18 timing config:load:flatten Completed in 1ms
19 timing npm:load:mkdirpcache Completed in 0ms
20 timing npm:load:mkdirplogs Completed in 0ms
21 verbose title npm install
22 verbose argv "install" "--cache" "./.npm-cache"
23 timing npm:load:setTitle Completed in 1ms
24 timing npm:load:display Completed in 0ms
25 verbose logfile logs-max:10 dir:/Users/williefranklin/photography-portfolio/.npm-cache/_logs/2025-10-30T20_41_03_818Z-
26 verbose logfile /Users/williefranklin/photography-portfolio/.npm-cache/_logs/2025-10-30T20_41_03_818Z-debug-0.log
27 timing npm:load:logFile Completed in 3ms
28 timing npm:load:timers Completed in 0ms
29 timing npm:load:configScope Completed in 0ms
30 timing npm:load Completed in 20ms
31 timing arborist:ctor Completed in 0ms
32 silly logfile done cleaning log files
33 timing arborist:ctor Completed in 0ms
34 timing idealTree:init Completed in 4ms
35 timing idealTree:userRequests Completed in 0ms
36 silly idealTree buildDeps
37 silly fetch manifest autoprefixer@^10.4.20
38 http fetch GET 200 https://registry.npmjs.org/autoprefixer 461ms (cache miss)
39 silly fetch manifest postcss@^8.4.47
40 http fetch GET 200 https://registry.npmjs.org/npm 578ms
41 http fetch GET 200 https://registry.npmjs.org/postcss 132ms (cache miss)
42 silly fetch manifest tailwindcss@^3.4.14
43 http fetch GET 200 https://registry.npmjs.org/tailwindcss 762ms (cache miss)
44 silly placeDep ROOT autoprefixer@10.4.21 OK for: photography-portfolio@1.0.0 want: ^10.4.20
45 silly placeDep ROOT postcss@8.5.6 OK for: autoprefixer@10.4.21 want: ^8.1.0
46 silly placeDep ROOT tailwindcss@3.4.18 OK for: photography-portfolio@1.0.0 want: ^3.4.14
47 silly fetch manifest picocolors@^1.1.1
48 silly fetch manifest fraction.js@^4.3.7
49 silly fetch manifest browserslist@^4.24.4
50 silly fetch manifest caniuse-lite@^1.0.30001702
51 silly fetch manifest normalize-range@^0.1.2
52 silly fetch manifest postcss-value-parser@^4.2.0
53 silly fetch manifest nanoid@^3.3.11
54 http fetch GET 200 https://registry.npmjs.org/picocolors 99ms (cache miss)
55 silly fetch manifest source-map-js@^1.2.1
56 http fetch GET 200 https://registry.npmjs.org/fraction.js 112ms (cache miss)
57 silly fetch manifest arg@^5.0.2
58 http fetch GET 200 https://registry.npmjs.org/source-map-js 52ms (cache miss)
59 silly fetch manifest dlv@^1.1.3
60 http fetch GET 200 https://registry.npmjs.org/normalize-range 232ms (cache miss)
61 silly fetch manifest jiti@^1.21.7
62 http fetch GET 200 https://registry.npmjs.org/browserslist 233ms (cache miss)
63 silly fetch manifest is-glob@^4.0.3
64 http fetch GET 200 https://registry.npmjs.org/postcss-value-parser 284ms (cache miss)
65 silly fetch manifest resolve@^1.22.8
66 http fetch GET 200 https://registry.npmjs.org/dlv 134ms (cache miss)
67 silly fetch manifest sucrase@^3.35.0
68 http fetch GET 200 https://registry.npmjs.org/nanoid 299ms (cache miss)
69 silly fetch manifest chokidar@^3.6.0
70 http fetch GET 200 https://registry.npmjs.org/arg 189ms (cache miss)
71 silly fetch manifest fast-glob@^3.3.2
72 http fetch GET 200 https://registry.npmjs.org/jiti 156ms (cache miss)
73 silly fetch manifest lilconfig@^3.1.3
74 http fetch GET 200 https://registry.npmjs.org/is-glob 157ms (cache miss)
75 silly fetch manifest didyoumean@^1.2.2
76 http fetch GET 200 https://registry.npmjs.org/resolve 111ms (cache miss)
77 silly fetch manifest micromatch@^4.0.8
78 http fetch GET 200 https://registry.npmjs.org/sucrase 150ms (cache miss)
79 silly fetch manifest postcss-js@^4.0.1
80 http fetch GET 200 https://registry.npmjs.org/fast-glob 149ms (cache miss)
81 silly fetch manifest glob-parent@^6.0.2
82 http fetch GET 200 https://registry.npmjs.org/chokidar 219ms (cache miss)
83 silly fetch manifest object-hash@^3.0.0
84 http fetch GET 200 https://registry.npmjs.org/didyoumean 240ms (cache miss)
85 silly fetch manifest normalize-path@^3.0.0
86 http fetch GET 200 https://registry.npmjs.org/lilconfig 258ms (cache miss)
87 silly fetch manifest postcss-import@^15.1.0
88 http fetch GET 200 https://registry.npmjs.org/micromatch 267ms (cache miss)
89 silly fetch manifest postcss-nested@^6.2.0
90 http fetch GET 200 https://registry.npmjs.org/caniuse-lite 673ms (cache miss)
91 silly fetch manifest @alloc/quick-lru@^5.2.0
92 http fetch GET 200 https://registry.npmjs.org/postcss-js 244ms (cache miss)
93 silly fetch manifest postcss-load-config@^4.0.2 || ^5.0 || ^6.0
94 http fetch GET 200 https://registry.npmjs.org/glob-parent 230ms (cache miss)
95 silly fetch manifest postcss-selector-parser@^6.1.2
96 http fetch GET 200 https://registry.npmjs.org/object-hash 162ms (cache miss)
97 http fetch GET 200 https://registry.npmjs.org/normalize-path 69ms (cache miss)
98 http fetch GET 200 https://registry.npmjs.org/postcss-import 56ms (cache miss)
99 http fetch GET 200 https://registry.npmjs.org/postcss-nested 50ms (cache miss)
100 http fetch GET 200 https://registry.npmjs.org/postcss-load-config 36ms (cache miss)
101 http fetch GET 200 https://registry.npmjs.org/postcss-selector-parser 58ms (cache miss)
102 http fetch GET 200 https://registry.npmjs.org/@alloc%2fquick-lru 75ms (cache miss)
103 timing idealTree:#root Completed in 2189ms
104 silly placeDep ROOT browserslist@4.27.0 OK for: autoprefixer@10.4.21 want: ^4.24.4
105 silly placeDep ROOT caniuse-lite@1.0.30001751 OK for: autoprefixer@10.4.21 want: ^1.0.30001702
106 silly placeDep ROOT fraction.js@4.3.7 OK for: autoprefixer@10.4.21 want: ^4.3.7
107 silly placeDep ROOT normalize-range@0.1.2 OK for: autoprefixer@10.4.21 want: ^0.1.2
108 silly placeDep ROOT picocolors@1.1.1 OK for: autoprefixer@10.4.21 want: ^1.1.1
109 silly placeDep ROOT postcss-value-parser@4.2.0 OK for: autoprefixer@10.4.21 want: ^4.2.0
110 silly fetch manifest baseline-browser-mapping@^2.8.19
111 silly fetch manifest caniuse-lite@^1.0.30001751
112 silly fetch manifest electron-to-chromium@^1.5.238
113 silly fetch manifest node-releases@^2.0.26
114 silly fetch manifest update-browserslist-db@^1.1.4
115 http fetch GET 200 https://registry.npmjs.org/baseline-browser-mapping 43ms (cache miss)
116 http fetch GET 200 https://registry.npmjs.org/node-releases 52ms (cache miss)
117 http fetch GET 200 https://registry.npmjs.org/update-browserslist-db 58ms (cache miss)
118 http fetch GET 200 https://registry.npmjs.org/electron-to-chromium 126ms (cache miss)
119 timing idealTree:node_modules/autoprefixer Completed in 147ms
120 silly fetch manifest browserslist@>= 4.21.0
121 silly placeDep ROOT baseline-browser-mapping@2.8.21 OK for: browserslist@4.27.0 want: ^2.8.19
122 silly placeDep ROOT electron-to-chromium@1.5.244 OK for: browserslist@4.27.0 want: ^1.5.238
123 silly placeDep ROOT node-releases@2.0.27 OK for: browserslist@4.27.0 want: ^2.0.26
124 silly placeDep ROOT update-browserslist-db@1.1.4 OK for: browserslist@4.27.0 want: ^1.1.4
125 silly fetch manifest escalade@^3.2.0
126 http fetch GET 200 https://registry.npmjs.org/escalade 36ms (cache miss)
127 timing idealTree:node_modules/browserslist Completed in 39ms
128 timing idealTree:node_modules/baseline-browser-mapping Completed in 0ms
129 timing idealTree:node_modules/caniuse-lite Completed in 0ms
130 timing idealTree:node_modules/electron-to-chromium Completed in 0ms
131 timing idealTree:node_modules/fraction.js Completed in 0ms
132 timing idealTree:node_modules/node-releases Completed in 0ms
133 timing idealTree:node_modules/normalize-range Completed in 1ms
134 timing idealTree:node_modules/picocolors Completed in 0ms
135 silly placeDep ROOT nanoid@3.3.11 OK for: postcss@8.5.6 want: ^3.3.11
136 silly placeDep ROOT source-map-js@1.2.1 OK for: postcss@8.5.6 want: ^1.2.1
137 timing idealTree:node_modules/postcss Completed in 1ms
138 timing idealTree:node_modules/nanoid Completed in 0ms
139 timing idealTree:node_modules/postcss-value-parser Completed in 0ms
140 timing idealTree:node_modules/source-map-js Completed in 0ms
141 silly fetch manifest tsx@^4.8.1
142 http fetch GET 200 https://registry.npmjs.org/tsx 41ms (cache miss)
143 silly fetch manifest yaml@^2.4.2
144 http fetch GET 200 https://registry.npmjs.org/yaml 40ms (cache miss)
145 silly placeDep ROOT @alloc/quick-lru@5.2.0 OK for: tailwindcss@3.4.18 want: ^5.2.0
146 silly placeDep ROOT arg@5.0.2 OK for: tailwindcss@3.4.18 want: ^5.0.2
147 silly placeDep ROOT chokidar@3.6.0 OK for: tailwindcss@3.4.18 want: ^3.6.0
148 silly placeDep ROOT didyoumean@1.2.2 OK for: tailwindcss@3.4.18 want: ^1.2.2
149 silly placeDep ROOT dlv@1.1.3 OK for: tailwindcss@3.4.18 want: ^1.1.3
150 silly placeDep ROOT fast-glob@3.3.3 OK for: tailwindcss@3.4.18 want: ^3.3.2
151 silly placeDep ROOT glob-parent@6.0.2 OK for: tailwindcss@3.4.18 want: ^6.0.2
152 silly placeDep ROOT is-glob@4.0.3 OK for: tailwindcss@3.4.18 want: ^4.0.3
153 silly placeDep ROOT jiti@1.21.7 OK for: tailwindcss@3.4.18 want: ^1.21.7
154 silly placeDep ROOT lilconfig@3.1.3 OK for: tailwindcss@3.4.18 want: ^3.1.3
155 silly placeDep ROOT micromatch@4.0.8 OK for: tailwindcss@3.4.18 want: ^4.0.8
156 silly placeDep ROOT normalize-path@3.0.0 OK for: tailwindcss@3.4.18 want: ^3.0.0
157 silly placeDep ROOT object-hash@3.0.0 OK for: tailwindcss@3.4.18 want: ^3.0.0
158 silly placeDep ROOT postcss-import@15.1.0 OK for: tailwindcss@3.4.18 want: ^15.1.0
159 silly placeDep ROOT postcss-js@4.1.0 OK for: tailwindcss@3.4.18 want: ^4.0.1
160 silly placeDep ROOT postcss-load-config@6.0.1 OK for: tailwindcss@3.4.18 want: ^4.0.2 || ^5.0 || ^6.0
161 silly placeDep ROOT postcss-nested@6.2.0 OK for: tailwindcss@3.4.18 want: ^6.2.0
162 silly placeDep ROOT postcss-selector-parser@6.1.2 OK for: tailwindcss@3.4.18 want: ^6.1.2
163 silly placeDep ROOT resolve@1.22.11 OK for: tailwindcss@3.4.18 want: ^1.22.8
164 silly placeDep ROOT sucrase@3.35.0 OK for: tailwindcss@3.4.18 want: ^3.35.0
165 silly fetch manifest braces@~3.0.2
166 silly fetch manifest is-glob@~4.0.1
167 silly fetch manifest anymatch@~3.1.2
168 silly fetch manifest readdirp@~3.6.0
169 silly fetch manifest glob-parent@~5.1.2
170 silly fetch manifest is-binary-path@~2.1.0
171 silly fetch manifest normalize-path@~3.0.0
172 silly fetch manifest fsevents@~2.3.2
173 silly fetch manifest @nodelib/fs.stat@^2.0.2
174 silly fetch manifest @nodelib/fs.walk@^1.2.3
175 http fetch GET 200 https://registry.npmjs.org/braces 43ms (cache miss)
176 silly fetch manifest glob-parent@^5.1.2
177 silly fetch manifest merge2@^1.3.0
178 http fetch GET 200 https://registry.npmjs.org/fsevents 44ms (cache miss)
179 silly fetch manifest is-extglob@^2.1.1
180 http fetch GET 200 https://registry.npmjs.org/is-binary-path 47ms (cache miss)
181 silly fetch manifest braces@^3.0.3
182 silly fetch manifest picomatch@^2.3.1
183 http fetch GET 200 https://registry.npmjs.org/readdirp 50ms (cache miss)
184 silly fetch manifest resolve@^1.1.7
185 silly fetch manifest read-cache@^1.0.0
186 http fetch GET 200 https://registry.npmjs.org/anymatch 56ms (cache miss)
187 silly fetch manifest camelcase-css@^2.0.1
188 http fetch GET 200 https://registry.npmjs.org/@nodelib%2ffs.walk 59ms (cache miss)
189 silly fetch manifest postcss-selector-parser@^6.1.1
190 silly fetch manifest cssesc@^3.0.0
191 http fetch GET 200 https://registry.npmjs.org/@nodelib%2ffs.stat 67ms (cache miss)
192 silly fetch manifest util-deprecate@^1.0.2
193 http fetch GET 200 https://registry.npmjs.org/is-extglob 31ms (cache miss)
194 silly fetch manifest is-core-module@^2.16.1
195 http fetch GET 200 https://registry.npmjs.org/merge2 36ms (cache miss)
196 silly fetch manifest path-parse@^1.0.7
197 http fetch GET 200 https://registry.npmjs.org/read-cache 32ms (cache miss)
198 silly fetch manifest supports-preserve-symlinks-flag@^1.0.0
199 http fetch GET 200 https://registry.npmjs.org/picomatch 36ms (cache miss)
200 silly fetch manifest @jridgewell/gen-mapping@^0.3.2
201 http fetch GET 200 https://registry.npmjs.org/camelcase-css 30ms (cache miss)
202 silly fetch manifest commander@^4.0.0
203 http fetch GET 200 https://registry.npmjs.org/cssesc 38ms (cache miss)
204 silly fetch manifest glob@^10.3.10
205 http fetch GET 200 https://registry.npmjs.org/util-deprecate 38ms (cache miss)
206 silly fetch manifest lines-and-columns@^1.1.6
207 http fetch GET 200 https://registry.npmjs.org/supports-preserve-symlinks-flag 37ms (cache miss)
208 silly fetch manifest mz@^2.7.0
209 http fetch GET 200 https://registry.npmjs.org/path-parse 41ms (cache miss)
210 silly fetch manifest pirates@^4.0.1
211 http fetch GET 200 https://registry.npmjs.org/is-core-module 45ms (cache miss)
212 silly fetch manifest ts-interface-checker@^0.1.9
213 http fetch GET 200 https://registry.npmjs.org/glob 38ms (cache miss)
214 http fetch GET 200 https://registry.npmjs.org/@jridgewell%2fgen-mapping 56ms (cache miss)
215 http fetch GET 200 https://registry.npmjs.org/commander 71ms (cache miss)
216 http fetch GET 200 https://registry.npmjs.org/mz 42ms (cache miss)
217 http fetch GET 200 https://registry.npmjs.org/pirates 41ms (cache miss)
218 http fetch GET 200 https://registry.npmjs.org/ts-interface-checker 46ms (cache miss)
219 http fetch GET 200 https://registry.npmjs.org/lines-and-columns 98ms (cache miss)
220 timing idealTree:node_modules/tailwindcss Completed in 305ms
221 timing idealTree:node_modules/@alloc/quick-lru Completed in 0ms
222 timing idealTree:node_modules/arg Completed in 0ms
223 silly placeDep ROOT anymatch@3.1.3 OK for: chokidar@3.6.0 want: ~3.1.2
224 silly placeDep ROOT braces@3.0.3 OK for: chokidar@3.6.0 want: ~3.0.2
225 silly placeDep ROOT fsevents@2.3.3 OK for: chokidar@3.6.0 want: ~2.3.2
226 silly placeDep node_modules/chokidar glob-parent@5.1.2 OK for: chokidar@3.6.0 want: ~5.1.2
227 silly placeDep ROOT is-binary-path@2.1.0 OK for: chokidar@3.6.0 want: ~2.1.0
228 silly placeDep ROOT readdirp@3.6.0 OK for: chokidar@3.6.0 want: ~3.6.0
229 silly fetch manifest picomatch@^2.0.4
230 silly fetch manifest fill-range@^7.1.1
231 silly fetch manifest binary-extensions@^2.0.0
232 silly fetch manifest picomatch@^2.2.1
233 http fetch GET 200 https://registry.npmjs.org/binary-extensions 35ms (cache miss)
234 http fetch GET 200 https://registry.npmjs.org/fill-range 43ms (cache miss)
235 timing idealTree:node_modules/chokidar Completed in 47ms
236 silly placeDep ROOT picomatch@2.3.1 OK for: anymatch@3.1.3 want: ^2.0.4
237 timing idealTree:node_modules/anymatch Completed in 1ms
238 silly placeDep ROOT fill-range@7.1.1 OK for: braces@3.0.3 want: ^7.1.1
239 silly fetch manifest to-regex-range@^5.0.1
240 http fetch GET 200 https://registry.npmjs.org/to-regex-range 47ms (cache miss)
241 timing idealTree:node_modules/braces Completed in 47ms
242 timing idealTree:node_modules/didyoumean Completed in 0ms
243 timing idealTree:node_modules/dlv Completed in 0ms
244 silly placeDep ROOT @nodelib/fs.stat@2.0.5 OK for: fast-glob@3.3.3 want: ^2.0.2
245 silly placeDep ROOT @nodelib/fs.walk@1.2.8 OK for: fast-glob@3.3.3 want: ^1.2.3
246 silly placeDep node_modules/fast-glob glob-parent@5.1.2 OK for: fast-glob@3.3.3 want: ^5.1.2
247 silly placeDep ROOT merge2@1.4.1 OK for: fast-glob@3.3.3 want: ^1.3.0
248 silly fetch manifest fastq@^1.6.0
249 silly fetch manifest @nodelib/fs.scandir@2.1.5
250 http fetch GET 200 https://registry.npmjs.org/fastq 36ms (cache miss)
251 http fetch GET 200 https://registry.npmjs.org/@nodelib%2ffs.scandir 49ms (cache miss)
252 timing idealTree:node_modules/fast-glob Completed in 53ms
253 timing idealTree:node_modules/@nodelib/fs.stat Completed in 0ms
254 silly placeDep ROOT @nodelib/fs.scandir@2.1.5 OK for: @nodelib/fs.walk@1.2.8 want: 2.1.5
255 silly placeDep ROOT fastq@1.19.1 OK for: @nodelib/fs.walk@1.2.8 want: ^1.6.0
256 silly fetch manifest run-parallel@^1.1.9
257 silly fetch manifest reusify@^1.0.4
258 http fetch GET 200 https://registry.npmjs.org/reusify 33ms (cache miss)
259 http fetch GET 200 https://registry.npmjs.org/run-parallel 33ms (cache miss)
260 timing idealTree:node_modules/@nodelib/fs.walk Completed in 35ms
261 silly placeDep ROOT run-parallel@1.2.0 OK for: @nodelib/fs.scandir@2.1.5 want: ^1.1.9
262 silly fetch manifest queue-microtask@^1.2.2
263 http fetch GET 200 https://registry.npmjs.org/queue-microtask 41ms (cache miss)
264 timing idealTree:node_modules/@nodelib/fs.scandir Completed in 42ms
265 silly placeDep ROOT reusify@1.1.0 OK for: fastq@1.19.1 want: ^1.0.4
266 timing idealTree:node_modules/fastq Completed in 1ms
267 silly placeDep ROOT to-regex-range@5.0.1 OK for: fill-range@7.1.1 want: ^5.0.1
268 silly fetch manifest is-number@^7.0.0
269 http fetch GET 200 https://registry.npmjs.org/is-number 26ms (cache miss)
270 timing idealTree:node_modules/fill-range Completed in 28ms
271 timing idealTree:node_modules/fsevents Completed in 0ms
272 timing idealTree:node_modules/glob-parent Completed in 0ms
273 silly placeDep ROOT binary-extensions@2.3.0 OK for: is-binary-path@2.1.0 want: ^2.0.0
274 timing idealTree:node_modules/is-binary-path Completed in 0ms
275 timing idealTree:node_modules/binary-extensions Completed in 0ms
276 silly placeDep ROOT is-extglob@2.1.1 OK for: is-glob@4.0.3 want: ^2.1.1
277 timing idealTree:node_modules/is-glob Completed in 1ms
278 timing idealTree:node_modules/is-extglob Completed in 0ms
279 timing idealTree:node_modules/jiti Completed in 0ms
280 timing idealTree:node_modules/lilconfig Completed in 0ms
281 timing idealTree:node_modules/merge2 Completed in 0ms
282 timing idealTree:node_modules/micromatch Completed in 0ms
283 timing idealTree:node_modules/normalize-path Completed in 0ms
284 timing idealTree:node_modules/object-hash Completed in 0ms
285 timing idealTree:node_modules/picomatch Completed in 0ms
286 silly placeDep ROOT read-cache@1.0.0 OK for: postcss-import@15.1.0 want: ^1.0.0
287 silly fetch manifest pify@^2.3.0
288 http fetch GET 200 https://registry.npmjs.org/pify 29ms (cache miss)
289 timing idealTree:node_modules/postcss-import Completed in 31ms
290 silly placeDep ROOT camelcase-css@2.0.1 OK for: postcss-js@4.1.0 want: ^2.0.1
291 timing idealTree:node_modules/postcss-js Completed in 0ms
292 timing idealTree:node_modules/camelcase-css Completed in 0ms
293 timing idealTree:node_modules/postcss-load-config Completed in 0ms
294 timing idealTree:node_modules/postcss-nested Completed in 0ms
295 silly placeDep ROOT cssesc@3.0.0 OK for: postcss-selector-parser@6.1.2 want: ^3.0.0
296 silly placeDep ROOT util-deprecate@1.0.2 OK for: postcss-selector-parser@6.1.2 want: ^1.0.2
297 timing idealTree:node_modules/postcss-selector-parser Completed in 1ms
298 timing idealTree:node_modules/cssesc Completed in 0ms
299 silly placeDep ROOT pify@2.3.0 OK for: read-cache@1.0.0 want: ^2.3.0
300 timing idealTree:node_modules/read-cache Completed in 1ms
301 timing idealTree:node_modules/pify Completed in 0ms
302 timing idealTree:node_modules/readdirp Completed in 0ms
303 silly placeDep ROOT is-core-module@2.16.1 OK for: resolve@1.22.11 want: ^2.16.1
304 silly placeDep ROOT path-parse@1.0.7 OK for: resolve@1.22.11 want: ^1.0.7
305 silly placeDep ROOT supports-preserve-symlinks-flag@1.0.0 OK for: resolve@1.22.11 want: ^1.0.0
306 silly fetch manifest hasown@^2.0.2
307 http fetch GET 200 https://registry.npmjs.org/hasown 39ms (cache miss)
308 timing idealTree:node_modules/resolve Completed in 41ms
309 silly placeDep ROOT hasown@2.0.2 OK for: is-core-module@2.16.1 want: ^2.0.2
310 silly fetch manifest function-bind@^1.1.2
311 http fetch GET 200 https://registry.npmjs.org/function-bind 35ms (cache miss)
312 timing idealTree:node_modules/is-core-module Completed in 37ms
313 silly placeDep ROOT function-bind@1.1.2 OK for: hasown@2.0.2 want: ^1.1.2
314 timing idealTree:node_modules/hasown Completed in 1ms
315 timing idealTree:node_modules/function-bind Completed in 0ms
316 timing idealTree:node_modules/path-parse Completed in 0ms
317 timing idealTree:node_modules/reusify Completed in 0ms
318 silly placeDep ROOT queue-microtask@1.2.3 OK for: run-parallel@1.2.0 want: ^1.2.2
319 timing idealTree:node_modules/run-parallel Completed in 0ms
320 timing idealTree:node_modules/queue-microtask Completed in 0ms
321 silly placeDep ROOT @jridgewell/gen-mapping@0.3.13 OK for: sucrase@3.35.0 want: ^0.3.2
322 silly placeDep ROOT commander@4.1.1 OK for: sucrase@3.35.0 want: ^4.0.0
323 silly placeDep ROOT glob@10.4.5 OK for: sucrase@3.35.0 want: ^10.3.10
324 silly placeDep ROOT lines-and-columns@1.2.4 OK for: sucrase@3.35.0 want: ^1.1.6
325 silly placeDep ROOT mz@2.7.0 OK for: sucrase@3.35.0 want: ^2.7.0
326 silly placeDep ROOT pirates@4.0.7 OK for: sucrase@3.35.0 want: ^4.0.1
327 silly placeDep ROOT ts-interface-checker@0.1.13 OK for: sucrase@3.35.0 want: ^0.1.9
328 silly fetch manifest @jridgewell/sourcemap-codec@^1.5.0
329 silly fetch manifest @jridgewell/trace-mapping@^0.3.24
330 silly fetch manifest minipass@^7.1.2
331 silly fetch manifest jackspeak@^3.1.2
332 silly fetch manifest minimatch@^9.0.4
333 silly fetch manifest path-scurry@^1.11.1
334 silly fetch manifest foreground-child@^3.1.0
335 http fetch GET 200 https://registry.npmjs.org/foreground-child 35ms (cache miss)
336 silly fetch manifest package-json-from-dist@^1.0.0
337 http fetch GET 200 https://registry.npmjs.org/minimatch 43ms (cache miss)
338 silly fetch manifest any-promise@^1.0.0
339 http fetch GET 200 https://registry.npmjs.org/path-scurry 47ms (cache miss)
340 silly fetch manifest object-assign@^4.0.1
341 http fetch GET 200 https://registry.npmjs.org/jackspeak 51ms (cache miss)
342 silly fetch manifest thenify-all@^1.0.0
343 http fetch GET 200 https://registry.npmjs.org/minipass 52ms (cache miss)
344 http fetch GET 200 https://registry.npmjs.org/package-json-from-dist 33ms (cache miss)
345 http fetch GET 200 https://registry.npmjs.org/@jridgewell%2ftrace-mapping 72ms (cache miss)
346 http fetch GET 200 https://registry.npmjs.org/@jridgewell%2fsourcemap-codec 74ms (cache miss)
347 http fetch GET 200 https://registry.npmjs.org/any-promise 36ms (cache miss)
348 http fetch GET 200 https://registry.npmjs.org/thenify-all 32ms (cache miss)
349 http fetch GET 200 https://registry.npmjs.org/object-assign 44ms (cache miss)
350 timing idealTree:node_modules/sucrase Completed in 98ms
351 silly placeDep ROOT @jridgewell/sourcemap-codec@1.5.5 OK for: @jridgewell/gen-mapping@0.3.13 want: ^1.5.0
352 silly placeDep ROOT @jridgewell/trace-mapping@0.3.31 OK for: @jridgewell/gen-mapping@0.3.13 want: ^0.3.24
353 silly fetch manifest @jridgewell/resolve-uri@^3.1.0
354 http fetch GET 200 https://registry.npmjs.org/@jridgewell%2fresolve-uri 84ms (cache miss)
355 timing idealTree:node_modules/@jridgewell/gen-mapping Completed in 86ms
356 timing idealTree:node_modules/@jridgewell/sourcemap-codec Completed in 0ms
357 silly placeDep ROOT @jridgewell/resolve-uri@3.1.2 OK for: @jridgewell/trace-mapping@0.3.31 want: ^3.1.0
358 timing idealTree:node_modules/@jridgewell/trace-mapping Completed in 1ms
359 timing idealTree:node_modules/@jridgewell/resolve-uri Completed in 0ms
360 timing idealTree:node_modules/commander Completed in 0ms
361 silly placeDep ROOT foreground-child@3.3.1 OK for: glob@10.4.5 want: ^3.1.0
362 silly placeDep ROOT jackspeak@3.4.3 OK for: glob@10.4.5 want: ^3.1.2
363 silly placeDep ROOT minimatch@9.0.5 OK for: glob@10.4.5 want: ^9.0.4
364 silly placeDep ROOT minipass@7.1.2 OK for: glob@10.4.5 want: ^7.1.2
365 silly placeDep ROOT package-json-from-dist@1.0.1 OK for: glob@10.4.5 want: ^1.0.0
366 silly placeDep ROOT path-scurry@1.11.1 OK for: glob@10.4.5 want: ^1.11.1
367 silly fetch manifest cross-spawn@^7.0.6
368 silly fetch manifest signal-exit@^4.0.1
369 silly fetch manifest @isaacs/cliui@^8.0.2
370 silly fetch manifest @pkgjs/parseargs@^0.11.0
371 silly fetch manifest brace-expansion@^2.0.1
372 silly fetch manifest lru-cache@^10.2.0
373 http fetch GET 200 https://registry.npmjs.org/brace-expansion 31ms (cache miss)
374 http fetch GET 200 https://registry.npmjs.org/@isaacs%2fcliui 54ms (cache miss)
375 http fetch GET 200 https://registry.npmjs.org/signal-exit 56ms (cache miss)
376 http fetch GET 200 https://registry.npmjs.org/@pkgjs%2fparseargs 56ms (cache miss)
377 http fetch GET 200 https://registry.npmjs.org/cross-spawn 58ms (cache miss)
378 http fetch GET 200 https://registry.npmjs.org/lru-cache 59ms (cache miss)
379 timing idealTree:node_modules/glob Completed in 67ms
380 silly placeDep ROOT cross-spawn@7.0.6 OK for: foreground-child@3.3.1 want: ^7.0.6
381 silly placeDep ROOT signal-exit@4.1.0 OK for: foreground-child@3.3.1 want: ^4.0.1
382 silly fetch manifest which@^2.0.1
383 silly fetch manifest path-key@^3.1.0
384 silly fetch manifest shebang-command@^2.0.0
385 http fetch GET 200 https://registry.npmjs.org/shebang-command 29ms (cache miss)
386 http fetch GET 200 https://registry.npmjs.org/path-key 32ms (cache miss)
387 http fetch GET 200 https://registry.npmjs.org/which 37ms (cache miss)
388 timing idealTree:node_modules/foreground-child Completed in 40ms
389 silly placeDep ROOT path-key@3.1.1 OK for: cross-spawn@7.0.6 want: ^3.1.0
390 silly placeDep ROOT shebang-command@2.0.0 OK for: cross-spawn@7.0.6 want: ^2.0.0
391 silly placeDep ROOT which@2.0.2 OK for: cross-spawn@7.0.6 want: ^2.0.1
392 silly fetch manifest shebang-regex@^3.0.0
393 silly fetch manifest isexe@^2.0.0
394 http fetch GET 200 https://registry.npmjs.org/shebang-regex 28ms (cache miss)
395 http fetch GET 200 https://registry.npmjs.org/isexe 39ms (cache miss)
396 timing idealTree:node_modules/cross-spawn Completed in 41ms
397 silly placeDep ROOT @isaacs/cliui@8.0.2 OK for: jackspeak@3.4.3 want: ^8.0.2
398 silly placeDep ROOT @pkgjs/parseargs@0.11.0 OK for: jackspeak@3.4.3 want: ^0.11.0
399 silly fetch manifest string-width@^5.1.2
400 silly fetch manifest string-width-cjs@npm:string-width@^4.2.0
401 silly fetch manifest strip-ansi@^7.0.1
402 silly fetch manifest strip-ansi-cjs@npm:strip-ansi@^6.0.1
403 silly fetch manifest wrap-ansi@^8.1.0
404 silly fetch manifest wrap-ansi-cjs@npm:wrap-ansi@^7.0.0
405 http fetch GET 200 https://registry.npmjs.org/wrap-ansi 27ms (cache miss)
406 http fetch GET 200 https://registry.npmjs.org/string-width 34ms (cache miss)
407 http fetch GET 200 https://registry.npmjs.org/strip-ansi 35ms (cache miss)
408 http fetch GET 200 https://registry.npmjs.org/string-width 38ms (cache miss)
409 http fetch GET 200 https://registry.npmjs.org/strip-ansi 37ms (cache miss)
410 http fetch GET 200 https://registry.npmjs.org/wrap-ansi 46ms (cache miss)
411 timing idealTree:node_modules/jackspeak Completed in 50ms
412 silly placeDep ROOT string-width@5.1.2 OK for: @isaacs/cliui@8.0.2 want: ^5.1.2
413 silly placeDep ROOT string-width-cjs@4.2.3 OK for: @isaacs/cliui@8.0.2 want: npm:string-width@^4.2.0
414 silly placeDep ROOT strip-ansi@7.1.2 OK for: @isaacs/cliui@8.0.2 want: ^7.0.1
415 silly placeDep ROOT strip-ansi-cjs@6.0.1 OK for: @isaacs/cliui@8.0.2 want: npm:strip-ansi@^6.0.1
416 silly placeDep ROOT wrap-ansi@8.1.0 OK for: @isaacs/cliui@8.0.2 want: ^8.1.0
417 silly placeDep ROOT wrap-ansi-cjs@7.0.0 OK for: @isaacs/cliui@8.0.2 want: npm:wrap-ansi@^7.0.0
418 silly fetch manifest emoji-regex@^9.2.2
419 silly fetch manifest eastasianwidth@^0.2.0
420 silly fetch manifest strip-ansi@^6.0.1
421 silly fetch manifest emoji-regex@^8.0.0
422 silly fetch manifest is-fullwidth-code-point@^3.0.0
423 silly fetch manifest ansi-regex@^6.0.1
424 silly fetch manifest ansi-regex@^5.0.1
425 silly fetch manifest ansi-styles@^6.1.0
426 http fetch GET 200 https://registry.npmjs.org/is-fullwidth-code-point 37ms (cache miss)
427 silly fetch manifest strip-ansi@^6.0.0
428 silly fetch manifest ansi-styles@^4.0.0
429 http fetch GET 200 https://registry.npmjs.org/ansi-regex 44ms (cache miss)
430 silly fetch manifest string-width@^4.1.0
431 http fetch GET 200 https://registry.npmjs.org/eastasianwidth 45ms (cache miss)
432 http fetch GET 200 https://registry.npmjs.org/ansi-regex 44ms (cache miss)
433 http fetch GET 200 https://registry.npmjs.org/ansi-styles 45ms (cache miss)
434 http fetch GET 200 https://registry.npmjs.org/emoji-regex 46ms (cache miss)
435 http fetch GET 200 https://registry.npmjs.org/emoji-regex 51ms (cache miss)
436 http fetch GET 200 https://registry.npmjs.org/ansi-styles 42ms (cache miss)
437 timing idealTree:node_modules/@isaacs/cliui Completed in 82ms
438 timing idealTree:node_modules/@pkgjs/parseargs Completed in 0ms
439 timing idealTree:node_modules/lines-and-columns Completed in 0ms
440 silly placeDep ROOT brace-expansion@2.0.2 OK for: minimatch@9.0.5 want: ^2.0.1
441 silly fetch manifest balanced-match@^1.0.0
442 http fetch GET 200 https://registry.npmjs.org/balanced-match 51ms (cache miss)
443 timing idealTree:node_modules/minimatch Completed in 53ms
444 silly placeDep ROOT balanced-match@1.0.2 OK for: brace-expansion@2.0.2 want: ^1.0.0
445 timing idealTree:node_modules/brace-expansion Completed in 0ms
446 timing idealTree:node_modules/balanced-match Completed in 0ms
447 timing idealTree:node_modules/minipass Completed in 0ms
448 silly placeDep ROOT any-promise@1.3.0 OK for: mz@2.7.0 want: ^1.0.0
449 silly placeDep ROOT object-assign@4.1.1 OK for: mz@2.7.0 want: ^4.0.1
450 silly placeDep ROOT thenify-all@1.6.0 OK for: mz@2.7.0 want: ^1.0.0
451 silly fetch manifest thenify@>= 3.1.0 < 4
452 http fetch GET 200 https://registry.npmjs.org/thenify 102ms (cache miss)
453 timing idealTree:node_modules/mz Completed in 104ms
454 timing idealTree:node_modules/any-promise Completed in 0ms
455 timing idealTree:node_modules/object-assign Completed in 0ms
456 timing idealTree:node_modules/package-json-from-dist Completed in 0ms
457 timing idealTree:node_modules/path-key Completed in 0ms
458 silly placeDep ROOT lru-cache@10.4.3 OK for: path-scurry@1.11.1 want: ^10.2.0
459 timing idealTree:node_modules/path-scurry Completed in 1ms
460 timing idealTree:node_modules/lru-cache Completed in 0ms
461 timing idealTree:node_modules/pirates Completed in 0ms
462 silly placeDep ROOT shebang-regex@3.0.0 OK for: shebang-command@2.0.0 want: ^3.0.0
463 timing idealTree:node_modules/shebang-command Completed in 1ms
464 timing idealTree:node_modules/shebang-regex Completed in 0ms
465 timing idealTree:node_modules/signal-exit Completed in 0ms
466 silly placeDep ROOT eastasianwidth@0.2.0 OK for: string-width@5.1.2 want: ^0.2.0
467 silly placeDep ROOT emoji-regex@9.2.2 OK for: string-width@5.1.2 want: ^9.2.2
468 timing idealTree:node_modules/string-width Completed in 0ms
469 timing idealTree:node_modules/eastasianwidth Completed in 0ms
470 timing idealTree:node_modules/emoji-regex Completed in 0ms
471 silly placeDep node_modules/string-width-cjs emoji-regex@8.0.0 OK for: string-width@4.2.3 want: ^8.0.0
472 silly placeDep ROOT is-fullwidth-code-point@3.0.0 OK for: string-width@4.2.3 want: ^3.0.0
473 silly placeDep node_modules/string-width-cjs strip-ansi@6.0.1 OK for: string-width@4.2.3 want: ^6.0.1
474 timing idealTree:node_modules/string-width-cjs Completed in 2ms
475 timing idealTree:node_modules/is-fullwidth-code-point Completed in 0ms
476 silly placeDep ROOT ansi-regex@6.2.2 OK for: strip-ansi@7.1.2 want: ^6.0.1
477 timing idealTree:node_modules/strip-ansi Completed in 0ms
478 timing idealTree:node_modules/ansi-regex Completed in 0ms
479 silly placeDep node_modules/strip-ansi-cjs ansi-regex@5.0.1 OK for: strip-ansi@6.0.1 want: ^5.0.1
480 timing idealTree:node_modules/strip-ansi-cjs Completed in 1ms
481 timing idealTree:node_modules/supports-preserve-symlinks-flag Completed in 0ms
482 silly placeDep ROOT thenify@3.3.1 OK for: thenify-all@1.6.0 want: >= 3.1.0 < 4
483 timing idealTree:node_modules/thenify-all Completed in 0ms
484 timing idealTree:node_modules/thenify Completed in 0ms
485 silly placeDep ROOT is-number@7.0.0 OK for: to-regex-range@5.0.1 want: ^7.0.0
486 timing idealTree:node_modules/to-regex-range Completed in 1ms
487 timing idealTree:node_modules/is-number Completed in 0ms
488 timing idealTree:node_modules/ts-interface-checker Completed in 0ms
489 silly placeDep ROOT escalade@3.2.0 OK for: update-browserslist-db@1.1.4 want: ^3.2.0
490 timing idealTree:node_modules/update-browserslist-db Completed in 0ms
491 timing idealTree:node_modules/escalade Completed in 0ms
492 timing idealTree:node_modules/util-deprecate Completed in 0ms
493 silly placeDep ROOT isexe@2.0.0 OK for: which@2.0.2 want: ^2.0.0
494 timing idealTree:node_modules/which Completed in 1ms
495 timing idealTree:node_modules/isexe Completed in 0ms
496 silly placeDep ROOT ansi-styles@6.2.3 OK for: wrap-ansi@8.1.0 want: ^6.1.0
497 timing idealTree:node_modules/wrap-ansi Completed in 0ms
498 timing idealTree:node_modules/ansi-styles Completed in 0ms
499 silly placeDep node_modules/wrap-ansi-cjs ansi-styles@4.3.0 OK for: wrap-ansi@7.0.0 want: ^4.0.0
500 silly placeDep node_modules/wrap-ansi-cjs string-width@4.2.3 OK for: wrap-ansi@7.0.0 want: ^4.1.0
501 silly placeDep node_modules/wrap-ansi-cjs strip-ansi@6.0.1 OK for: wrap-ansi@7.0.0 want: ^6.0.0
502 silly fetch manifest color-convert@^2.0.1
503 http fetch GET 200 https://registry.npmjs.org/color-convert 92ms (cache miss)
504 timing idealTree:node_modules/wrap-ansi-cjs Completed in 96ms
505 timing idealTree:node_modules/chokidar/node_modules/glob-parent Completed in 0ms
506 timing idealTree:node_modules/fast-glob/node_modules/glob-parent Completed in 0ms
507 timing idealTree:node_modules/string-width-cjs/node_modules/emoji-regex Completed in 0ms
508 silly placeDep node_modules/string-width-cjs ansi-regex@5.0.1 OK for: strip-ansi@6.0.1 want: ^5.0.1
509 timing idealTree:node_modules/string-width-cjs/node_modules/strip-ansi Completed in 1ms
510 timing idealTree:node_modules/string-width-cjs/node_modules/ansi-regex Completed in 0ms
511 timing idealTree:node_modules/strip-ansi-cjs/node_modules/ansi-regex Completed in 0ms
512 silly placeDep ROOT color-convert@2.0.1 OK for: ansi-styles@4.3.0 want: ^2.0.1
513 silly fetch manifest color-name@~1.1.4
514 http fetch GET 200 https://registry.npmjs.org/color-name 44ms (cache miss)
515 timing idealTree:node_modules/wrap-ansi-cjs/node_modules/ansi-styles Completed in 46ms
516 silly placeDep ROOT color-name@1.1.4 OK for: color-convert@2.0.1 want: ~1.1.4
517 timing idealTree:node_modules/color-convert Completed in 1ms
518 timing idealTree:node_modules/color-name Completed in 0ms
519 silly placeDep node_modules/wrap-ansi-cjs emoji-regex@8.0.0 OK for: string-width@4.2.3 want: ^8.0.0
520 timing idealTree:node_modules/wrap-ansi-cjs/node_modules/string-width Completed in 1ms
521 timing idealTree:node_modules/wrap-ansi-cjs/node_modules/emoji-regex Completed in 0ms
522 silly placeDep node_modules/wrap-ansi-cjs ansi-regex@5.0.1 OK for: strip-ansi@6.0.1 want: ^5.0.1
523 timing idealTree:node_modules/wrap-ansi-cjs/node_modules/strip-ansi Completed in 1ms
524 timing idealTree:node_modules/wrap-ansi-cjs/node_modules/ansi-regex Completed in 0ms
525 timing idealTree:buildDeps Completed in 3826ms
526 timing idealTree:fixDepFlags Completed in 1ms
527 timing idealTree Completed in 3832ms
528 timing reify:loadTrees Completed in 3832ms
529 timing reify:diffTrees Completed in 1ms
530 silly reify moves {}
531 timing reify:retireShallow Completed in 1ms
532 timing reify:createSparse Completed in 7ms
533 timing reify:loadBundles Completed in 0ms
534 silly audit bulk request {
534 silly audit   autoprefixer: [ '10.4.21' ],
534 silly audit   postcss: [ '8.5.6' ],
534 silly audit   tailwindcss: [ '3.4.18' ],
534 silly audit   browserslist: [ '4.27.0' ],
534 silly audit   'caniuse-lite': [ '1.0.30001751' ],
534 silly audit   'fraction.js': [ '4.3.7' ],
534 silly audit   'normalize-range': [ '0.1.2' ],
534 silly audit   picocolors: [ '1.1.1' ],
534 silly audit   'postcss-value-parser': [ '4.2.0' ],
534 silly audit   'baseline-browser-mapping': [ '2.8.21' ],
534 silly audit   'electron-to-chromium': [ '1.5.244' ],
534 silly audit   'node-releases': [ '2.0.27' ],
534 silly audit   'update-browserslist-db': [ '1.1.4' ],
534 silly audit   nanoid: [ '3.3.11' ],
534 silly audit   'source-map-js': [ '1.2.1' ],
534 silly audit   '@alloc/quick-lru': [ '5.2.0' ],
534 silly audit   arg: [ '5.0.2' ],
534 silly audit   chokidar: [ '3.6.0' ],
534 silly audit   didyoumean: [ '1.2.2' ],
534 silly audit   dlv: [ '1.1.3' ],
534 silly audit   'fast-glob': [ '3.3.3' ],
534 silly audit   'glob-parent': [ '6.0.2', '5.1.2' ],
534 silly audit   'is-glob': [ '4.0.3' ],
534 silly audit   jiti: [ '1.21.7' ],
534 silly audit   lilconfig: [ '3.1.3' ],
534 silly audit   micromatch: [ '4.0.8' ],
534 silly audit   'normalize-path': [ '3.0.0' ],
534 silly audit   'object-hash': [ '3.0.0' ],
534 silly audit   'postcss-import': [ '15.1.0' ],
534 silly audit   'postcss-js': [ '4.1.0' ],
534 silly audit   'postcss-load-config': [ '6.0.1' ],
534 silly audit   'postcss-nested': [ '6.2.0' ],
534 silly audit   'postcss-selector-parser': [ '6.1.2' ],
534 silly audit   resolve: [ '1.22.11' ],
534 silly audit   sucrase: [ '3.35.0' ],
534 silly audit   anymatch: [ '3.1.3' ],
534 silly audit   braces: [ '3.0.3' ],
534 silly audit   fsevents: [ '2.3.3' ],
534 silly audit   'is-binary-path': [ '2.1.0' ],
534 silly audit   readdirp: [ '3.6.0' ],
534 silly audit   picomatch: [ '2.3.1' ],
534 silly audit   'fill-range': [ '7.1.1' ],
534 silly audit   '@nodelib/fs.stat': [ '2.0.5' ],
534 silly audit   '@nodelib/fs.walk': [ '1.2.8' ],
534 silly audit   merge2: [ '1.4.1' ],
534 silly audit   '@nodelib/fs.scandir': [ '2.1.5' ],
534 silly audit   fastq: [ '1.19.1' ],
534 silly audit   'run-parallel': [ '1.2.0' ],
534 silly audit   reusify: [ '1.1.0' ],
534 silly audit   'to-regex-range': [ '5.0.1' ],
534 silly audit   'binary-extensions': [ '2.3.0' ],
534 silly audit   'is-extglob': [ '2.1.1' ],
534 silly audit   'read-cache': [ '1.0.0' ],
534 silly audit   'camelcase-css': [ '2.0.1' ],
534 silly audit   cssesc: [ '3.0.0' ],
534 silly audit   'util-deprecate': [ '1.0.2' ],
534 silly audit   pify: [ '2.3.0' ],
534 silly audit   'is-core-module': [ '2.16.1' ],
534 silly audit   'path-parse': [ '1.0.7' ],
534 silly audit   'supports-preserve-symlinks-flag': [ '1.0.0' ],
534 silly audit   hasown: [ '2.0.2' ],
534 silly audit   'function-bind': [ '1.1.2' ],
534 silly audit   'queue-microtask': [ '1.2.3' ],
534 silly audit   '@jridgewell/gen-mapping': [ '0.3.13' ],
534 silly audit   commander: [ '4.1.1' ],
534 silly audit   glob: [ '10.4.5' ],
534 silly audit   'lines-and-columns': [ '1.2.4' ],
534 silly audit   mz: [ '2.7.0' ],
534 silly audit   pirates: [ '4.0.7' ],
534 silly audit   'ts-interface-checker': [ '0.1.13' ],
534 silly audit   '@jridgewell/sourcemap-codec': [ '1.5.5' ],
534 silly audit   '@jridgewell/trace-mapping': [ '0.3.31' ],
534 silly audit   '@jridgewell/resolve-uri': [ '3.1.2' ],
534 silly audit   'foreground-child': [ '3.3.1' ],
534 silly audit   jackspeak: [ '3.4.3' ],
534 silly audit   minimatch: [ '9.0.5' ],
534 silly audit   minipass: [ '7.1.2' ],
534 silly audit   'package-json-from-dist': [ '1.0.1' ],
534 silly audit   'path-scurry': [ '1.11.1' ],
534 silly audit   'cross-spawn': [ '7.0.6' ],
534 silly audit   'signal-exit': [ '4.1.0' ],
534 silly audit   'path-key': [ '3.1.1' ],
534 silly audit   'shebang-command': [ '2.0.0' ],
534 silly audit   which: [ '2.0.2' ],
534 silly audit   '@isaacs/cliui': [ '8.0.2' ],
534 silly audit   '@pkgjs/parseargs': [ '0.11.0' ],
534 silly audit   'string-width': [ '5.1.2', '4.2.3' ],
534 silly audit   'strip-ansi': [ '7.1.2', '6.0.1' ],
534 silly audit   'wrap-ansi': [ '8.1.0', '7.0.0' ],
534 silly audit   'brace-expansion': [ '2.0.2' ],
534 silly audit   'balanced-match': [ '1.0.2' ],
534 silly audit   'any-promise': [ '1.3.0' ],
534 silly audit   'object-assign': [ '4.1.1' ],
534 silly audit   'thenify-all': [ '1.6.0' ],
534 silly audit   'lru-cache': [ '10.4.3' ],
534 silly audit   'shebang-regex': [ '3.0.0' ],
534 silly audit   eastasianwidth: [ '0.2.0' ],
534 silly audit   'emoji-regex': [ '9.2.2', '8.0.0' ],
534 silly audit   'is-fullwidth-code-point': [ '3.0.0' ],
534 silly audit   'ansi-regex': [ '6.2.2', '5.0.1' ],
534 silly audit   thenify: [ '3.3.1' ],
534 silly audit   'is-number': [ '7.0.0' ],
534 silly audit   escalade: [ '3.2.0' ],
534 silly audit   isexe: [ '2.0.0' ],
534 silly audit   'ansi-styles': [ '6.2.3', '4.3.0' ],
534 silly audit   'color-convert': [ '2.0.1' ],
534 silly audit   'color-name': [ '1.1.4' ]
534 silly audit }
535 silly tarball no local data for color-convert@https://registry.npmjs.org/color-convert/-/color-convert-2.0.1.tgz. Extracting by manifest.
536 silly tarball no local data for color-name@https://registry.npmjs.org/color-name/-/color-name-1.1.4.tgz. Extracting by manifest.
537 silly tarball no local data for ansi-styles@https://registry.npmjs.org/ansi-styles/-/ansi-styles-6.2.3.tgz. Extracting by manifest.
538 silly tarball no local data for isexe@https://registry.npmjs.org/isexe/-/isexe-2.0.0.tgz. Extracting by manifest.
539 silly tarball no local data for escalade@https://registry.npmjs.org/escalade/-/escalade-3.2.0.tgz. Extracting by manifest.
540 silly tarball no local data for is-number@https://registry.npmjs.org/is-number/-/is-number-7.0.0.tgz. Extracting by manifest.
541 silly tarball no local data for is-fullwidth-code-point@https://registry.npmjs.org/is-fullwidth-code-point/-/is-fullwidth-code-point-3.0.0.tgz. Extracting by manifest.
542 silly tarball no local data for ansi-regex@https://registry.npmjs.org/ansi-regex/-/ansi-regex-6.2.2.tgz. Extracting by manifest.
543 silly tarball no local data for eastasianwidth@https://registry.npmjs.org/eastasianwidth/-/eastasianwidth-0.2.0.tgz. Extracting by manifest.
544 silly tarball no local data for shebang-regex@https://registry.npmjs.org/shebang-regex/-/shebang-regex-3.0.0.tgz. Extracting by manifest.
545 silly tarball no local data for lru-cache@https://registry.npmjs.org/lru-cache/-/lru-cache-10.4.3.tgz. Extracting by manifest.
546 silly tarball no local data for thenify-all@https://registry.npmjs.org/thenify-all/-/thenify-all-1.6.0.tgz. Extracting by manifest.
547 silly tarball no local data for object-assign@https://registry.npmjs.org/object-assign/-/object-assign-4.1.1.tgz. Extracting by manifest.
548 silly tarball no local data for any-promise@https://registry.npmjs.org/any-promise/-/any-promise-1.3.0.tgz. Extracting by manifest.
549 silly tarball no local data for brace-expansion@https://registry.npmjs.org/brace-expansion/-/brace-expansion-2.0.2.tgz. Extracting by manifest.
550 silly tarball no local data for balanced-match@https://registry.npmjs.org/balanced-match/-/balanced-match-1.0.2.tgz. Extracting by manifest.
551 silly tarball no local data for wrap-ansi-cjs@https://registry.npmjs.org/wrap-ansi/-/wrap-ansi-7.0.0.tgz. Extracting by manifest.
552 silly tarball no local data for thenify@https://registry.npmjs.org/thenify/-/thenify-3.3.1.tgz. Extracting by manifest.
553 silly tarball no local data for wrap-ansi@https://registry.npmjs.org/wrap-ansi/-/wrap-ansi-8.1.0.tgz. Extracting by manifest.
554 silly tarball no local data for strip-ansi-cjs@https://registry.npmjs.org/strip-ansi/-/strip-ansi-6.0.1.tgz. Extracting by manifest.
555 silly tarball no local data for strip-ansi@https://registry.npmjs.org/strip-ansi/-/strip-ansi-7.1.2.tgz. Extracting by manifest.
556 silly tarball no local data for string-width@https://registry.npmjs.org/string-width/-/string-width-5.1.2.tgz. Extracting by manifest.
557 silly tarball no local data for string-width-cjs@https://registry.npmjs.org/string-width/-/string-width-4.2.3.tgz. Extracting by manifest.
558 silly tarball no local data for @pkgjs/parseargs@https://registry.npmjs.org/@pkgjs/parseargs/-/parseargs-0.11.0.tgz. Extracting by manifest.
559 silly tarball no local data for @isaacs/cliui@https://registry.npmjs.org/@isaacs/cliui/-/cliui-8.0.2.tgz. Extracting by manifest.
560 silly tarball no local data for emoji-regex@https://registry.npmjs.org/emoji-regex/-/emoji-regex-9.2.2.tgz. Extracting by manifest.
561 silly tarball no local data for path-key@https://registry.npmjs.org/path-key/-/path-key-3.1.1.tgz. Extracting by manifest.
562 silly tarball no local data for shebang-command@https://registry.npmjs.org/shebang-command/-/shebang-command-2.0.0.tgz. Extracting by manifest.
563 silly tarball no local data for signal-exit@https://registry.npmjs.org/signal-exit/-/signal-exit-4.1.0.tgz. Extracting by manifest.
564 silly tarball no local data for path-scurry@https://registry.npmjs.org/path-scurry/-/path-scurry-1.11.1.tgz. Extracting by manifest.
565 silly tarball no local data for package-json-from-dist@https://registry.npmjs.org/package-json-from-dist/-/package-json-from-dist-1.0.1.tgz. Extracting by manifest.
566 silly tarball no local data for minimatch@https://registry.npmjs.org/minimatch/-/minimatch-9.0.5.tgz. Extracting by manifest.
567 silly tarball no local data for minipass@https://registry.npmjs.org/minipass/-/minipass-7.1.2.tgz. Extracting by manifest.
568 silly tarball no local data for which@https://registry.npmjs.org/which/-/which-2.0.2.tgz. Extracting by manifest.
569 silly tarball no local data for cross-spawn@https://registry.npmjs.org/cross-spawn/-/cross-spawn-7.0.6.tgz. Extracting by manifest.
570 silly tarball no local data for jackspeak@https://registry.npmjs.org/jackspeak/-/jackspeak-3.4.3.tgz. Extracting by manifest.
571 silly tarball no local data for foreground-child@https://registry.npmjs.org/foreground-child/-/foreground-child-3.3.1.tgz. Extracting by manifest.
572 silly tarball no local data for @jridgewell/resolve-uri@https://registry.npmjs.org/@jridgewell/resolve-uri/-/resolve-uri-3.1.2.tgz. Extracting by manifest.
573 silly tarball no local data for pirates@https://registry.npmjs.org/pirates/-/pirates-4.0.7.tgz. Extracting by manifest.
574 silly tarball no local data for ts-interface-checker@https://registry.npmjs.org/ts-interface-checker/-/ts-interface-checker-0.1.13.tgz. Extracting by manifest.
575 silly tarball no local data for mz@https://registry.npmjs.org/mz/-/mz-2.7.0.tgz. Extracting by manifest.
576 silly tarball no local data for lines-and-columns@https://registry.npmjs.org/lines-and-columns/-/lines-and-columns-1.2.4.tgz. Extracting by manifest.
577 silly tarball no local data for @jridgewell/trace-mapping@https://registry.npmjs.org/@jridgewell/trace-mapping/-/trace-mapping-0.3.31.tgz. Extracting by manifest.
578 silly tarball no local data for glob@https://registry.npmjs.org/glob/-/glob-10.4.5.tgz. Extracting by manifest.
579 silly tarball no local data for @jridgewell/sourcemap-codec@https://registry.npmjs.org/@jridgewell/sourcemap-codec/-/sourcemap-codec-1.5.5.tgz. Extracting by manifest.
580 silly tarball no local data for commander@https://registry.npmjs.org/commander/-/commander-4.1.1.tgz. Extracting by manifest.
581 silly tarball no local data for queue-microtask@https://registry.npmjs.org/queue-microtask/-/queue-microtask-1.2.3.tgz. Extracting by manifest.
582 silly tarball no local data for function-bind@https://registry.npmjs.org/function-bind/-/function-bind-1.1.2.tgz. Extracting by manifest.
583 silly tarball no local data for @jridgewell/gen-mapping@https://registry.npmjs.org/@jridgewell/gen-mapping/-/gen-mapping-0.3.13.tgz. Extracting by manifest.
584 silly tarball no local data for path-parse@https://registry.npmjs.org/path-parse/-/path-parse-1.0.7.tgz. Extracting by manifest.
585 silly tarball no local data for supports-preserve-symlinks-flag@https://registry.npmjs.org/supports-preserve-symlinks-flag/-/supports-preserve-symlinks-flag-1.0.0.tgz. Extracting by manifest.
586 silly tarball no local data for hasown@https://registry.npmjs.org/hasown/-/hasown-2.0.2.tgz. Extracting by manifest.
587 silly tarball no local data for pify@https://registry.npmjs.org/pify/-/pify-2.3.0.tgz. Extracting by manifest.
588 silly tarball no local data for util-deprecate@https://registry.npmjs.org/util-deprecate/-/util-deprecate-1.0.2.tgz. Extracting by manifest.
589 silly tarball no local data for camelcase-css@https://registry.npmjs.org/camelcase-css/-/camelcase-css-2.0.1.tgz. Extracting by manifest.
590 silly tarball no local data for read-cache@https://registry.npmjs.org/read-cache/-/read-cache-1.0.0.tgz. Extracting by manifest.
591 silly tarball no local data for is-core-module@https://registry.npmjs.org/is-core-module/-/is-core-module-2.16.1.tgz. Extracting by manifest.
592 silly tarball no local data for is-extglob@https://registry.npmjs.org/is-extglob/-/is-extglob-2.1.1.tgz. Extracting by manifest.
593 silly tarball no local data for cssesc@https://registry.npmjs.org/cssesc/-/cssesc-3.0.0.tgz. Extracting by manifest.
594 silly tarball no local data for reusify@https://registry.npmjs.org/reusify/-/reusify-1.1.0.tgz. Extracting by manifest.
595 silly tarball no local data for to-regex-range@https://registry.npmjs.org/to-regex-range/-/to-regex-range-5.0.1.tgz. Extracting by manifest.
596 silly tarball no local data for run-parallel@https://registry.npmjs.org/run-parallel/-/run-parallel-1.2.0.tgz. Extracting by manifest.
597 silly tarball no local data for binary-extensions@https://registry.npmjs.org/binary-extensions/-/binary-extensions-2.3.0.tgz. Extracting by manifest.
598 silly tarball no local data for merge2@https://registry.npmjs.org/merge2/-/merge2-1.4.1.tgz. Extracting by manifest.
599 silly tarball no local data for @nodelib/fs.scandir@https://registry.npmjs.org/@nodelib/fs.scandir/-/fs.scandir-2.1.5.tgz. Extracting by manifest.
600 silly tarball no local data for @nodelib/fs.walk@https://registry.npmjs.org/@nodelib/fs.walk/-/fs.walk-1.2.8.tgz. Extracting by manifest.
601 silly tarball no local data for @nodelib/fs.stat@https://registry.npmjs.org/@nodelib/fs.stat/-/fs.stat-2.0.5.tgz. Extracting by manifest.
602 silly tarball no local data for fill-range@https://registry.npmjs.org/fill-range/-/fill-range-7.1.1.tgz. Extracting by manifest.
603 silly tarball no local data for picomatch@https://registry.npmjs.org/picomatch/-/picomatch-2.3.1.tgz. Extracting by manifest.
604 silly tarball no local data for fastq@https://registry.npmjs.org/fastq/-/fastq-1.19.1.tgz. Extracting by manifest.
605 silly tarball no local data for is-binary-path@https://registry.npmjs.org/is-binary-path/-/is-binary-path-2.1.0.tgz. Extracting by manifest.
606 silly tarball no local data for fsevents@https://registry.npmjs.org/fsevents/-/fsevents-2.3.3.tgz. Extracting by manifest.
607 silly tarball no local data for anymatch@https://registry.npmjs.org/anymatch/-/anymatch-3.1.3.tgz. Extracting by manifest.
608 silly tarball no local data for braces@https://registry.npmjs.org/braces/-/braces-3.0.3.tgz. Extracting by manifest.
609 silly tarball no local data for sucrase@https://registry.npmjs.org/sucrase/-/sucrase-3.35.0.tgz. Extracting by manifest.
610 silly tarball no local data for resolve@https://registry.npmjs.org/resolve/-/resolve-1.22.11.tgz. Extracting by manifest.
611 silly tarball no local data for postcss-nested@https://registry.npmjs.org/postcss-nested/-/postcss-nested-6.2.0.tgz. Extracting by manifest.
612 silly tarball no local data for readdirp@https://registry.npmjs.org/readdirp/-/readdirp-3.6.0.tgz. Extracting by manifest.
613 silly tarball no local data for postcss-selector-parser@https://registry.npmjs.org/postcss-selector-parser/-/postcss-selector-parser-6.1.2.tgz. Extracting by manifest.
614 silly tarball no local data for postcss-js@https://registry.npmjs.org/postcss-js/-/postcss-js-4.1.0.tgz. Extracting by manifest.
615 silly tarball no local data for postcss-load-config@https://registry.npmjs.org/postcss-load-config/-/postcss-load-config-6.0.1.tgz. Extracting by manifest.
616 silly tarball no local data for micromatch@https://registry.npmjs.org/micromatch/-/micromatch-4.0.8.tgz. Extracting by manifest.
617 silly tarball no local data for normalize-path@https://registry.npmjs.org/normalize-path/-/normalize-path-3.0.0.tgz. Extracting by manifest.
618 silly tarball no local data for lilconfig@https://registry.npmjs.org/lilconfig/-/lilconfig-3.1.3.tgz. Extracting by manifest.
619 silly tarball no local data for jiti@https://registry.npmjs.org/jiti/-/jiti-1.21.7.tgz. Extracting by manifest.
620 silly tarball no local data for is-glob@https://registry.npmjs.org/is-glob/-/is-glob-4.0.3.tgz. Extracting by manifest.
621 silly tarball no local data for object-hash@https://registry.npmjs.org/object-hash/-/object-hash-3.0.0.tgz. Extracting by manifest.
622 silly tarball no local data for postcss-import@https://registry.npmjs.org/postcss-import/-/postcss-import-15.1.0.tgz. Extracting by manifest.
623 silly tarball no local data for fast-glob@https://registry.npmjs.org/fast-glob/-/fast-glob-3.3.3.tgz. Extracting by manifest.
624 silly tarball no local data for glob-parent@https://registry.npmjs.org/glob-parent/-/glob-parent-6.0.2.tgz. Extracting by manifest.
625 silly tarball no local data for @alloc/quick-lru@https://registry.npmjs.org/@alloc/quick-lru/-/quick-lru-5.2.0.tgz. Extracting by manifest.
626 silly tarball no local data for arg@https://registry.npmjs.org/arg/-/arg-5.0.2.tgz. Extracting by manifest.
627 silly tarball no local data for chokidar@https://registry.npmjs.org/chokidar/-/chokidar-3.6.0.tgz. Extracting by manifest.
628 silly tarball no local data for dlv@https://registry.npmjs.org/dlv/-/dlv-1.1.3.tgz. Extracting by manifest.
629 silly tarball no local data for didyoumean@https://registry.npmjs.org/didyoumean/-/didyoumean-1.2.2.tgz. Extracting by manifest.
630 silly tarball no local data for nanoid@https://registry.npmjs.org/nanoid/-/nanoid-3.3.11.tgz. Extracting by manifest.
631 silly tarball no local data for source-map-js@https://registry.npmjs.org/source-map-js/-/source-map-js-1.2.1.tgz. Extracting by manifest.
632 silly tarball no local data for electron-to-chromium@https://registry.npmjs.org/electron-to-chromium/-/electron-to-chromium-1.5.244.tgz. Extracting by manifest.
633 silly tarball no local data for postcss-value-parser@https://registry.npmjs.org/postcss-value-parser/-/postcss-value-parser-4.2.0.tgz. Extracting by manifest.
634 silly tarball no local data for baseline-browser-mapping@https://registry.npmjs.org/baseline-browser-mapping/-/baseline-browser-mapping-2.8.21.tgz. Extracting by manifest.
635 silly tarball no local data for node-releases@https://registry.npmjs.org/node-releases/-/node-releases-2.0.27.tgz. Extracting by manifest.
636 silly tarball no local data for update-browserslist-db@https://registry.npmjs.org/update-browserslist-db/-/update-browserslist-db-1.1.4.tgz. Extracting by manifest.
637 silly tarball no local data for picocolors@https://registry.npmjs.org/picocolors/-/picocolors-1.1.1.tgz. Extracting by manifest.
638 silly tarball no local data for fraction.js@https://registry.npmjs.org/fraction.js/-/fraction.js-4.3.7.tgz. Extracting by manifest.
639 silly tarball no local data for tailwindcss@https://registry.npmjs.org/tailwindcss/-/tailwindcss-3.4.18.tgz. Extracting by manifest.
640 silly tarball no local data for normalize-range@https://registry.npmjs.org/normalize-range/-/normalize-range-0.1.2.tgz. Extracting by manifest.
641 silly tarball no local data for caniuse-lite@https://registry.npmjs.org/caniuse-lite/-/caniuse-lite-1.0.30001751.tgz. Extracting by manifest.
642 silly tarball no local data for browserslist@https://registry.npmjs.org/browserslist/-/browserslist-4.27.0.tgz. Extracting by manifest.
643 silly tarball no local data for autoprefixer@https://registry.npmjs.org/autoprefixer/-/autoprefixer-10.4.21.tgz. Extracting by manifest.
644 silly tarball no local data for postcss@https://registry.npmjs.org/postcss/-/postcss-8.5.6.tgz. Extracting by manifest.
645 silly tarball no local data for ansi-styles@https://registry.npmjs.org/ansi-styles/-/ansi-styles-4.3.0.tgz. Extracting by manifest.
646 silly tarball no local data for ansi-regex@https://registry.npmjs.org/ansi-regex/-/ansi-regex-5.0.1.tgz. Extracting by manifest.
647 silly tarball no local data for ansi-regex@https://registry.npmjs.org/ansi-regex/-/ansi-regex-5.0.1.tgz. Extracting by manifest.
648 silly tarball no local data for emoji-regex@https://registry.npmjs.org/emoji-regex/-/emoji-regex-8.0.0.tgz. Extracting by manifest.
649 silly tarball no local data for ansi-regex@https://registry.npmjs.org/ansi-regex/-/ansi-regex-5.0.1.tgz. Extracting by manifest.
650 silly tarball no local data for strip-ansi@https://registry.npmjs.org/strip-ansi/-/strip-ansi-6.0.1.tgz. Extracting by manifest.
651 silly tarball no local data for glob-parent@https://registry.npmjs.org/glob-parent/-/glob-parent-5.1.2.tgz. Extracting by manifest.
652 silly tarball no local data for string-width@https://registry.npmjs.org/string-width/-/string-width-4.2.3.tgz. Extracting by manifest.
653 silly tarball no local data for strip-ansi@https://registry.npmjs.org/strip-ansi/-/strip-ansi-6.0.1.tgz. Extracting by manifest.
654 silly tarball no local data for glob-parent@https://registry.npmjs.org/glob-parent/-/glob-parent-5.1.2.tgz. Extracting by manifest.
655 silly tarball no local data for emoji-regex@https://registry.npmjs.org/emoji-regex/-/emoji-regex-8.0.0.tgz. Extracting by manifest.
656 http fetch GET 200 https://registry.npmjs.org/color-convert/-/color-convert-2.0.1.tgz 104ms (cache miss)
657 timing reifyNode:node_modules/color-convert Completed in 120ms
658 http fetch GET 200 https://registry.npmjs.org/color-name/-/color-name-1.1.4.tgz 103ms (cache miss)
659 timing reifyNode:node_modules/color-name Completed in 121ms
660 http fetch GET 200 https://registry.npmjs.org/escalade/-/escalade-3.2.0.tgz 104ms (cache miss)
661 timing reifyNode:node_modules/escalade Completed in 121ms
662 http fetch GET 200 https://registry.npmjs.org/ansi-styles/-/ansi-styles-6.2.3.tgz 104ms (cache miss)
663 timing reifyNode:node_modules/ansi-styles Completed in 121ms
664 http fetch GET 200 https://registry.npmjs.org/isexe/-/isexe-2.0.0.tgz 104ms (cache miss)
665 timing reifyNode:node_modules/isexe Completed in 121ms
666 http fetch GET 200 https://registry.npmjs.org/is-number/-/is-number-7.0.0.tgz 103ms (cache miss)
667 timing reifyNode:node_modules/is-number Completed in 121ms
668 http fetch POST 200 https://registry.npmjs.org/-/npm/v1/security/advisories/bulk 243ms
669 timing auditReport:getReport Completed in 246ms
670 silly audit report {}
671 timing auditReport:init Completed in 0ms
672 timing reify:audit Completed in 246ms
673 http fetch GET 200 https://registry.npmjs.org/ansi-regex/-/ansi-regex-6.2.2.tgz 265ms (cache miss)
674 timing reifyNode:node_modules/ansi-regex Completed in 284ms
675 http fetch GET 200 https://registry.npmjs.org/string-width/-/string-width-4.2.3.tgz 261ms (cache miss)
676 timing reifyNode:node_modules/string-width-cjs Completed in 284ms
677 http fetch GET 200 https://registry.npmjs.org/brace-expansion/-/brace-expansion-2.0.2.tgz 262ms (cache miss)
678 timing reifyNode:node_modules/brace-expansion Completed in 285ms
679 http fetch GET 200 https://registry.npmjs.org/object-assign/-/object-assign-4.1.1.tgz 264ms (cache miss)
680 timing reifyNode:node_modules/object-assign Completed in 285ms
681 http fetch GET 200 https://registry.npmjs.org/pify/-/pify-2.3.0.tgz 255ms (cache miss)
682 timing reifyNode:node_modules/pify Completed in 285ms
683 http fetch GET 200 https://registry.npmjs.org/wrap-ansi/-/wrap-ansi-7.0.0.tgz 264ms (cache miss)
684 timing reifyNode:node_modules/wrap-ansi-cjs Completed in 286ms
685 http fetch GET 200 https://registry.npmjs.org/queue-microtask/-/queue-microtask-1.2.3.tgz 259ms (cache miss)
686 timing reifyNode:node_modules/queue-microtask Completed in 286ms
687 http fetch GET 200 https://registry.npmjs.org/binary-extensions/-/binary-extensions-2.3.0.tgz 255ms (cache miss)
688 timing reifyNode:node_modules/binary-extensions Completed in 287ms
689 http fetch GET 200 https://registry.npmjs.org/util-deprecate/-/util-deprecate-1.0.2.tgz 257ms (cache miss)
690 timing reifyNode:node_modules/util-deprecate Completed in 287ms
691 http fetch GET 200 https://registry.npmjs.org/hasown/-/hasown-2.0.2.tgz 257ms (cache miss)
692 timing reifyNode:node_modules/hasown Completed in 287ms
693 http fetch GET 200 https://registry.npmjs.org/glob-parent/-/glob-parent-6.0.2.tgz 248ms (cache miss)
694 timing reifyNode:node_modules/glob-parent Completed in 288ms
695 http fetch GET 200 https://registry.npmjs.org/function-bind/-/function-bind-1.1.2.tgz 261ms (cache miss)
696 timing reifyNode:node_modules/function-bind Completed in 288ms
697 http fetch GET 200 https://registry.npmjs.org/is-fullwidth-code-point/-/is-fullwidth-code-point-3.0.0.tgz 271ms (cache miss)
698 timing reifyNode:node_modules/is-fullwidth-code-point Completed in 290ms
699 http fetch GET 200 https://registry.npmjs.org/shebang-regex/-/shebang-regex-3.0.0.tgz 272ms (cache miss)
700 timing reifyNode:node_modules/shebang-regex Completed in 291ms
701 http fetch GET 200 https://registry.npmjs.org/eastasianwidth/-/eastasianwidth-0.2.0.tgz 274ms (cache miss)
702 timing reifyNode:node_modules/eastasianwidth Completed in 292ms
703 http fetch GET 200 https://registry.npmjs.org/shebang-command/-/shebang-command-2.0.0.tgz 271ms (cache miss)
704 timing reifyNode:node_modules/shebang-command Completed in 295ms
705 http fetch GET 200 https://registry.npmjs.org/read-cache/-/read-cache-1.0.0.tgz 263ms (cache miss)
706 timing reifyNode:node_modules/read-cache Completed in 294ms
707 http fetch GET 200 https://registry.npmjs.org/wrap-ansi/-/wrap-ansi-8.1.0.tgz 289ms (cache miss)
708 timing reifyNode:node_modules/wrap-ansi Completed in 312ms
709 http fetch GET 200 https://registry.npmjs.org/node-releases/-/node-releases-2.0.27.tgz 271ms (cache miss)
710 timing reifyNode:node_modules/node-releases Completed in 311ms
711 http fetch GET 200 https://registry.npmjs.org/any-promise/-/any-promise-1.3.0.tgz 294ms (cache miss)
712 timing reifyNode:node_modules/any-promise Completed in 329ms
713 http fetch GET 200 https://registry.npmjs.org/strip-ansi/-/strip-ansi-6.0.1.tgz 283ms (cache miss)
714 timing reifyNode:node_modules/wrap-ansi-cjs/node_modules/strip-ansi Completed in 336ms
715 http fetch GET 200 https://registry.npmjs.org/strip-ansi/-/strip-ansi-7.1.2.tgz 316ms (cache miss)
716 timing reifyNode:node_modules/strip-ansi Completed in 339ms
717 http fetch GET 200 https://registry.npmjs.org/postcss-import/-/postcss-import-15.1.0.tgz 300ms (cache miss)
718 timing reifyNode:node_modules/postcss-import Completed in 339ms
719 http fetch GET 200 https://registry.npmjs.org/ts-interface-checker/-/ts-interface-checker-0.1.13.tgz 313ms (cache miss)
720 timing reifyNode:node_modules/ts-interface-checker Completed in 340ms
721 http fetch GET 200 https://registry.npmjs.org/object-hash/-/object-hash-3.0.0.tgz 301ms (cache miss)
722 timing reifyNode:node_modules/object-hash Completed in 339ms
723 http fetch GET 200 https://registry.npmjs.org/is-glob/-/is-glob-4.0.3.tgz 302ms (cache miss)
724 timing reifyNode:node_modules/is-glob Completed in 340ms
725 http fetch GET 200 https://registry.npmjs.org/normalize-range/-/normalize-range-0.1.2.tgz 298ms (cache miss)
726 timing reifyNode:node_modules/normalize-range Completed in 339ms
727 http fetch GET 200 https://registry.npmjs.org/lilconfig/-/lilconfig-3.1.3.tgz 305ms (cache miss)
728 timing reifyNode:node_modules/lilconfig Completed in 343ms
729 http fetch GET 200 https://registry.npmjs.org/cssesc/-/cssesc-3.0.0.tgz 314ms (cache miss)
730 timing reifyNode:node_modules/cssesc Completed in 345ms
731 http fetch GET 200 https://registry.npmjs.org/merge2/-/merge2-1.4.1.tgz 313ms (cache miss)
732 timing reifyNode:node_modules/merge2 Completed in 345ms
733 http fetch GET 200 https://registry.npmjs.org/strip-ansi/-/strip-ansi-6.0.1.tgz 329ms (cache miss)
734 timing reifyNode:node_modules/strip-ansi-cjs Completed in 352ms
735 http fetch GET 200 https://registry.npmjs.org/is-binary-path/-/is-binary-path-2.1.0.tgz 317ms (cache miss)
736 timing reifyNode:node_modules/is-binary-path Completed in 351ms
737 http fetch GET 200 https://registry.npmjs.org/path-key/-/path-key-3.1.1.tgz 334ms (cache miss)
738 timing reifyNode:node_modules/path-key Completed in 358ms
739 http fetch GET 200 https://registry.npmjs.org/to-regex-range/-/to-regex-range-5.0.1.tgz 326ms (cache miss)
740 timing reifyNode:node_modules/to-regex-range Completed in 358ms
741 http fetch GET 200 https://registry.npmjs.org/path-parse/-/path-parse-1.0.7.tgz 330ms (cache miss)
742 timing reifyNode:node_modules/path-parse Completed in 361ms
743 http fetch GET 200 https://registry.npmjs.org/reusify/-/reusify-1.1.0.tgz 329ms (cache miss)
744 http fetch GET 200 https://registry.npmjs.org/thenify/-/thenify-3.3.1.tgz 340ms (cache miss)
745 timing reifyNode:node_modules/thenify Completed in 362ms
746 timing reifyNode:node_modules/reusify Completed in 362ms
747 http fetch GET 200 https://registry.npmjs.org/ansi-regex/-/ansi-regex-5.0.1.tgz 318ms (cache miss)
748 timing reifyNode:node_modules/strip-ansi-cjs/node_modules/ansi-regex Completed in 365ms
749 http fetch GET 200 https://registry.npmjs.org/postcss-load-config/-/postcss-load-config-6.0.1.tgz 328ms (cache miss)
750 timing reifyNode:node_modules/postcss-load-config Completed in 365ms
751 http fetch GET 200 https://registry.npmjs.org/package-json-from-dist/-/package-json-from-dist-1.0.1.tgz 341ms (cache miss)
752 timing reifyNode:node_modules/package-json-from-dist Completed in 366ms
753 http fetch GET 200 https://registry.npmjs.org/fastq/-/fastq-1.19.1.tgz 333ms (cache miss)
754 http fetch GET 200 https://registry.npmjs.org/pirates/-/pirates-4.0.7.tgz 341ms (cache miss)
755 timing reifyNode:node_modules/pirates Completed in 368ms
756 timing reifyNode:node_modules/fastq Completed in 368ms
757 http fetch GET 200 https://registry.npmjs.org/@nodelib/fs.stat/-/fs.stat-2.0.5.tgz 336ms (cache miss)
758 timing reifyNode:node_modules/@nodelib/fs.stat Completed in 369ms
759 http fetch GET 200 https://registry.npmjs.org/normalize-path/-/normalize-path-3.0.0.tgz 332ms (cache miss)
760 timing reifyNode:node_modules/normalize-path Completed in 370ms
761 http fetch GET 200 https://registry.npmjs.org/camelcase-css/-/camelcase-css-2.0.1.tgz 340ms (cache miss)
762 timing reifyNode:node_modules/camelcase-css Completed in 371ms
763 http fetch GET 200 https://registry.npmjs.org/fill-range/-/fill-range-7.1.1.tgz 338ms (cache miss)
764 timing reifyNode:node_modules/fill-range Completed in 371ms
765 http fetch GET 200 https://registry.npmjs.org/is-extglob/-/is-extglob-2.1.1.tgz 340ms (cache miss)
766 timing reifyNode:node_modules/is-extglob Completed in 371ms
767 http fetch GET 200 https://registry.npmjs.org/mz/-/mz-2.7.0.tgz 345ms (cache miss)
768 timing reifyNode:node_modules/mz Completed in 371ms
769 http fetch GET 200 https://registry.npmjs.org/string-width/-/string-width-5.1.2.tgz 350ms (cache miss)
770 timing reifyNode:node_modules/string-width Completed in 373ms
771 http fetch GET 200 https://registry.npmjs.org/@alloc/quick-lru/-/quick-lru-5.2.0.tgz 334ms (cache miss)
772 timing reifyNode:node_modules/@alloc/quick-lru Completed in 373ms
773 http fetch GET 200 https://registry.npmjs.org/cross-spawn/-/cross-spawn-7.0.6.tgz 356ms (cache miss)
774 timing reifyNode:node_modules/cross-spawn Completed in 382ms
775 http fetch GET 200 https://registry.npmjs.org/signal-exit/-/signal-exit-4.1.0.tgz 362ms (cache miss)
776 timing reifyNode:node_modules/signal-exit Completed in 386ms
777 http fetch GET 200 https://registry.npmjs.org/jackspeak/-/jackspeak-3.4.3.tgz 360ms (cache miss)
778 timing reifyNode:node_modules/jackspeak Completed in 387ms
779 http fetch GET 200 https://registry.npmjs.org/@pkgjs/parseargs/-/parseargs-0.11.0.tgz 366ms (cache miss)
780 timing reifyNode:node_modules/@pkgjs/parseargs Completed in 389ms
781 http fetch GET 200 https://registry.npmjs.org/picomatch/-/picomatch-2.3.1.tgz 356ms (cache miss)
782 timing reifyNode:node_modules/picomatch Completed in 389ms
783 http fetch GET 200 https://registry.npmjs.org/thenify-all/-/thenify-all-1.6.0.tgz 370ms (cache miss)
784 timing reifyNode:node_modules/thenify-all Completed in 391ms
785 http fetch GET 200 https://registry.npmjs.org/postcss-nested/-/postcss-nested-6.2.0.tgz 353ms (cache miss)
786 timing reifyNode:node_modules/postcss-nested Completed in 390ms
787 http fetch GET 200 https://registry.npmjs.org/commander/-/commander-4.1.1.tgz 363ms (cache miss)
788 timing reifyNode:node_modules/commander Completed in 390ms
789 http fetch GET 200 https://registry.npmjs.org/which/-/which-2.0.2.tgz 367ms (cache miss)
790 timing reifyNode:node_modules/which Completed in 392ms
791 http fetch GET 200 https://registry.npmjs.org/emoji-regex/-/emoji-regex-8.0.0.tgz 344ms (cache miss)
792 timing reifyNode:node_modules/wrap-ansi-cjs/node_modules/emoji-regex Completed in 392ms
793 http fetch GET 200 https://registry.npmjs.org/@jridgewell/trace-mapping/-/trace-mapping-0.3.31.tgz 365ms (cache miss)
794 timing reifyNode:node_modules/@jridgewell/trace-mapping Completed in 393ms
795 http fetch GET 200 https://registry.npmjs.org/lru-cache/-/lru-cache-10.4.3.tgz 382ms (cache miss)
796 timing reifyNode:node_modules/lru-cache Completed in 401ms
797 http fetch GET 200 https://registry.npmjs.org/path-scurry/-/path-scurry-1.11.1.tgz 381ms (cache miss)
798 timing reifyNode:node_modules/path-scurry Completed in 406ms
799 http fetch GET 200 https://registry.npmjs.org/readdirp/-/readdirp-3.6.0.tgz 374ms (cache miss)
800 timing reifyNode:node_modules/readdirp Completed in 411ms
801 http fetch GET 200 https://registry.npmjs.org/@jridgewell/resolve-uri/-/resolve-uri-3.1.2.tgz 387ms (cache miss)
802 timing reifyNode:node_modules/@jridgewell/resolve-uri Completed in 413ms
803 http fetch GET 200 https://registry.npmjs.org/glob-parent/-/glob-parent-5.1.2.tgz 350ms (cache miss)
804 timing reifyNode:node_modules/chokidar/node_modules/glob-parent Completed in 413ms
805 http fetch GET 200 https://registry.npmjs.org/run-parallel/-/run-parallel-1.2.0.tgz 381ms (cache miss)
806 timing reifyNode:node_modules/run-parallel Completed in 413ms
807 http fetch GET 200 https://registry.npmjs.org/@jridgewell/gen-mapping/-/gen-mapping-0.3.13.tgz 386ms (cache miss)
808 timing reifyNode:node_modules/@jridgewell/gen-mapping Completed in 414ms
809 http fetch GET 200 https://registry.npmjs.org/@jridgewell/sourcemap-codec/-/sourcemap-codec-1.5.5.tgz 388ms (cache miss)
810 timing reifyNode:node_modules/@jridgewell/sourcemap-codec Completed in 416ms
811 http fetch GET 200 https://registry.npmjs.org/@nodelib/fs.walk/-/fs.walk-1.2.8.tgz 382ms (cache miss)
812 timing reifyNode:node_modules/@nodelib/fs.walk Completed in 415ms
813 http fetch GET 200 https://registry.npmjs.org/micromatch/-/micromatch-4.0.8.tgz 380ms (cache miss)
814 timing reifyNode:node_modules/micromatch Completed in 418ms
815 http fetch GET 200 https://registry.npmjs.org/glob/-/glob-10.4.5.tgz 391ms (cache miss)
816 timing reifyNode:node_modules/glob Completed in 419ms
817 http fetch GET 200 https://registry.npmjs.org/resolve/-/resolve-1.22.11.tgz 385ms (cache miss)
818 timing reifyNode:node_modules/resolve Completed in 421ms
819 http fetch GET 200 https://registry.npmjs.org/electron-to-chromium/-/electron-to-chromium-1.5.244.tgz 387ms (cache miss)
820 timing reifyNode:node_modules/electron-to-chromium Completed in 426ms
821 http fetch GET 200 https://registry.npmjs.org/ansi-regex/-/ansi-regex-5.0.1.tgz 387ms (cache miss)
822 timing reifyNode:node_modules/wrap-ansi-cjs/node_modules/ansi-regex Completed in 434ms
823 http fetch GET 200 https://registry.npmjs.org/source-map-js/-/source-map-js-1.2.1.tgz 401ms (cache miss)
824 timing reifyNode:node_modules/source-map-js Completed in 441ms
825 http fetch GET 200 https://registry.npmjs.org/minipass/-/minipass-7.1.2.tgz 433ms (cache miss)
826 timing reifyNode:node_modules/minipass Completed in 458ms
827 http fetch GET 200 https://registry.npmjs.org/emoji-regex/-/emoji-regex-9.2.2.tgz 439ms (cache miss)
828 timing reifyNode:node_modules/emoji-regex Completed in 463ms
829 http fetch GET 200 https://registry.npmjs.org/foreground-child/-/foreground-child-3.3.1.tgz 445ms (cache miss)
830 timing reifyNode:node_modules/foreground-child Completed in 471ms
831 http fetch GET 200 https://registry.npmjs.org/@isaacs/cliui/-/cliui-8.0.2.tgz 448ms (cache miss)
832 timing reifyNode:node_modules/@isaacs/cliui Completed in 472ms
833 http fetch GET 200 https://registry.npmjs.org/ansi-regex/-/ansi-regex-5.0.1.tgz 430ms (cache miss)
834 timing reifyNode:node_modules/string-width-cjs/node_modules/ansi-regex Completed in 478ms
835 http fetch GET 200 https://registry.npmjs.org/autoprefixer/-/autoprefixer-10.4.21.tgz 439ms (cache miss)
836 timing reifyNode:node_modules/autoprefixer Completed in 482ms
837 http fetch GET 200 https://registry.npmjs.org/@nodelib/fs.scandir/-/fs.scandir-2.1.5.tgz 457ms (cache miss)
838 timing reifyNode:node_modules/@nodelib/fs.scandir Completed in 489ms
839 http fetch GET 200 https://registry.npmjs.org/strip-ansi/-/strip-ansi-6.0.1.tgz 463ms (cache miss)
840 timing reifyNode:node_modules/string-width-cjs/node_modules/strip-ansi Completed in 512ms
841 http fetch GET 200 https://registry.npmjs.org/postcss-js/-/postcss-js-4.1.0.tgz 475ms (cache miss)
842 timing reifyNode:node_modules/postcss-js Completed in 512ms
843 http fetch GET 200 https://registry.npmjs.org/anymatch/-/anymatch-3.1.3.tgz 478ms (cache miss)
844 timing reifyNode:node_modules/anymatch Completed in 512ms
845 http fetch GET 200 https://registry.npmjs.org/supports-preserve-symlinks-flag/-/supports-preserve-symlinks-flag-1.0.0.tgz 483ms (cache miss)
846 timing reifyNode:node_modules/supports-preserve-symlinks-flag Completed in 513ms
847 http fetch GET 200 https://registry.npmjs.org/minimatch/-/minimatch-9.0.5.tgz 489ms (cache miss)
848 timing reifyNode:node_modules/minimatch Completed in 514ms
849 http fetch GET 200 https://registry.npmjs.org/chokidar/-/chokidar-3.6.0.tgz 475ms (cache miss)
850 timing reifyNode:node_modules/chokidar Completed in 515ms
851 http fetch GET 200 https://registry.npmjs.org/fsevents/-/fsevents-2.3.3.tgz 487ms (cache miss)
852 timing reifyNode:node_modules/fsevents Completed in 521ms
853 http fetch GET 200 https://registry.npmjs.org/braces/-/braces-3.0.3.tgz 486ms (cache miss)
854 timing reifyNode:node_modules/braces Completed in 522ms
855 http fetch GET 200 https://registry.npmjs.org/didyoumean/-/didyoumean-1.2.2.tgz 487ms (cache miss)
856 timing reifyNode:node_modules/didyoumean Completed in 528ms
857 http fetch GET 200 https://registry.npmjs.org/string-width/-/string-width-4.2.3.tgz 478ms (cache miss)
858 timing reifyNode:node_modules/wrap-ansi-cjs/node_modules/string-width Completed in 529ms
859 http fetch GET 200 https://registry.npmjs.org/fraction.js/-/fraction.js-4.3.7.tgz 492ms (cache miss)
860 timing reifyNode:node_modules/fraction.js Completed in 532ms
861 http fetch GET 200 https://registry.npmjs.org/lines-and-columns/-/lines-and-columns-1.2.4.tgz 514ms (cache miss)
862 timing reifyNode:node_modules/lines-and-columns Completed in 540ms
863 http fetch GET 200 https://registry.npmjs.org/jiti/-/jiti-1.21.7.tgz 512ms (cache miss)
864 timing reifyNode:node_modules/jiti Completed in 550ms
865 http fetch GET 200 https://registry.npmjs.org/sucrase/-/sucrase-3.35.0.tgz 522ms (cache miss)
866 timing reifyNode:node_modules/sucrase Completed in 560ms
867 http fetch GET 200 https://registry.npmjs.org/is-core-module/-/is-core-module-2.16.1.tgz 531ms (cache miss)
868 timing reifyNode:node_modules/is-core-module Completed in 562ms
869 http fetch GET 200 https://registry.npmjs.org/arg/-/arg-5.0.2.tgz 523ms (cache miss)
870 timing reifyNode:node_modules/arg Completed in 562ms
871 http fetch GET 200 https://registry.npmjs.org/picocolors/-/picocolors-1.1.1.tgz 543ms (cache miss)
872 timing reifyNode:node_modules/picocolors Completed in 583ms
873 http fetch GET 200 https://registry.npmjs.org/nanoid/-/nanoid-3.3.11.tgz 547ms (cache miss)
874 timing reifyNode:node_modules/nanoid Completed in 590ms
875 http fetch GET 200 https://registry.npmjs.org/ansi-styles/-/ansi-styles-4.3.0.tgz 553ms (cache miss)
876 timing reifyNode:node_modules/wrap-ansi-cjs/node_modules/ansi-styles Completed in 599ms
877 http fetch GET 200 https://registry.npmjs.org/update-browserslist-db/-/update-browserslist-db-1.1.4.tgz 558ms (cache miss)
878 timing reifyNode:node_modules/update-browserslist-db Completed in 598ms
879 http fetch GET 200 https://registry.npmjs.org/postcss-value-parser/-/postcss-value-parser-4.2.0.tgz 564ms (cache miss)
880 timing reifyNode:node_modules/postcss-value-parser Completed in 603ms
881 http fetch GET 200 https://registry.npmjs.org/browserslist/-/browserslist-4.27.0.tgz 563ms (cache miss)
882 timing reifyNode:node_modules/browserslist Completed in 604ms
883 http fetch GET 200 https://registry.npmjs.org/postcss/-/postcss-8.5.6.tgz 561ms (cache miss)
884 timing reifyNode:node_modules/postcss Completed in 605ms
885 http fetch GET 200 https://registry.npmjs.org/baseline-browser-mapping/-/baseline-browser-mapping-2.8.21.tgz 565ms (cache miss)
886 timing reifyNode:node_modules/baseline-browser-mapping Completed in 606ms
887 http fetch GET 200 https://registry.npmjs.org/fast-glob/-/fast-glob-3.3.3.tgz 574ms (cache miss)
888 timing reifyNode:node_modules/fast-glob Completed in 613ms
889 http fetch GET 200 https://registry.npmjs.org/dlv/-/dlv-1.1.3.tgz 587ms (cache miss)
890 timing reifyNode:node_modules/dlv Completed in 627ms
891 http fetch GET 200 https://registry.npmjs.org/caniuse-lite/-/caniuse-lite-1.0.30001751.tgz 600ms (cache miss)
892 timing reifyNode:node_modules/caniuse-lite Completed in 641ms
893 http fetch GET 200 https://registry.npmjs.org/tailwindcss/-/tailwindcss-3.4.18.tgz 624ms (cache miss)
894 timing reifyNode:node_modules/tailwindcss Completed in 664ms
895 http fetch GET 200 https://registry.npmjs.org/glob-parent/-/glob-parent-5.1.2.tgz 643ms (cache miss)
896 timing reifyNode:node_modules/fast-glob/node_modules/glob-parent Completed in 693ms
897 http fetch GET 200 https://registry.npmjs.org/balanced-match/-/balanced-match-1.0.2.tgz 676ms (cache miss)
898 timing reifyNode:node_modules/balanced-match Completed in 698ms
899 http fetch GET 200 https://registry.npmjs.org/emoji-regex/-/emoji-regex-8.0.0.tgz 640ms (cache miss)
900 timing reifyNode:node_modules/string-width-cjs/node_modules/emoji-regex Completed in 704ms
901 http fetch GET 200 https://registry.npmjs.org/postcss-selector-parser/-/postcss-selector-parser-6.1.2.tgz 681ms (cache miss)
902 timing reifyNode:node_modules/postcss-selector-parser Completed in 718ms
903 timing reify:unpack Completed in 720ms
904 timing reify:unretire Completed in 1ms
905 timing build:queue Completed in 1ms
906 timing build:link:node_modules/baseline-browser-mapping Completed in 3ms
907 timing build:link:node_modules/autoprefixer Completed in 3ms
908 timing build:link:node_modules/glob Completed in 2ms
909 timing build:link:node_modules/browserslist Completed in 3ms
910 timing build:link:node_modules/nanoid Completed in 2ms
911 timing build:link:node_modules/resolve Completed in 2ms
912 timing build:link:node_modules/sucrase Completed in 2ms
913 timing build:link:node_modules/cssesc Completed in 3ms
914 timing build:link:node_modules/tailwindcss Completed in 2ms
915 timing build:link:node_modules/jiti Completed in 2ms
916 timing build:link:node_modules/update-browserslist-db Completed in 2ms
917 timing build:link:node_modules/which Completed in 2ms
918 timing build:link Completed in 3ms
919 info run fsevents@2.3.3 install node_modules/fsevents node-gyp rebuild
920 info run fsevents@2.3.3 install { code: 1, signal: null }
921 verbose reify failed optional dependency /Users/williefranklin/photography-portfolio/node_modules/fsevents
922 silly reify mark deleted [ '/Users/williefranklin/photography-portfolio/node_modules/fsevents' ]
923 timing build:run:install:node_modules/fsevents Completed in 430ms
924 timing build:run:install Completed in 430ms
925 timing build:deps Completed in 434ms
926 timing build Completed in 434ms
927 timing reify:build Completed in 434ms
928 timing reify:trash Completed in 1ms
929 timing reify:save Completed in 10ms
930 timing reify Completed in 5051ms
931 silly ADD node_modules/color-name
932 silly ADD node_modules/color-convert
933 silly ADD node_modules/ansi-styles
934 silly ADD node_modules/isexe
935 silly ADD node_modules/escalade
936 silly ADD node_modules/is-number
937 silly ADD node_modules/thenify
938 silly ADD node_modules/ansi-regex
939 silly ADD node_modules/is-fullwidth-code-point
940 silly ADD node_modules/emoji-regex
941 silly ADD node_modules/eastasianwidth
942 silly ADD node_modules/shebang-regex
943 silly ADD node_modules/lru-cache
944 silly ADD node_modules/thenify-all
945 silly ADD node_modules/object-assign
946 silly ADD node_modules/any-promise
947 silly ADD node_modules/balanced-match
948 silly ADD node_modules/brace-expansion
949 silly ADD node_modules/wrap-ansi-cjs
950 silly ADD node_modules/wrap-ansi-cjs/node_modules/ansi-regex
951 silly ADD node_modules/wrap-ansi-cjs/node_modules/emoji-regex
952 silly ADD node_modules/wrap-ansi-cjs/node_modules/strip-ansi
953 silly ADD node_modules/wrap-ansi-cjs/node_modules/string-width
954 silly ADD node_modules/wrap-ansi-cjs/node_modules/ansi-styles
955 silly ADD node_modules/wrap-ansi
956 silly ADD node_modules/strip-ansi-cjs
957 silly ADD node_modules/strip-ansi-cjs/node_modules/ansi-regex
958 silly ADD node_modules/strip-ansi
959 silly ADD node_modules/string-width-cjs
960 silly ADD node_modules/string-width-cjs/node_modules/ansi-regex
961 silly ADD node_modules/string-width-cjs/node_modules/strip-ansi
962 silly ADD node_modules/string-width-cjs/node_modules/emoji-regex
963 silly ADD node_modules/string-width
964 silly ADD node_modules/@pkgjs/parseargs
965 silly ADD node_modules/@isaacs/cliui
966 silly ADD node_modules/which
967 silly ADD node_modules/shebang-command
968 silly ADD node_modules/path-key
969 silly ADD node_modules/signal-exit
970 silly ADD node_modules/cross-spawn
971 silly ADD node_modules/path-scurry
972 silly ADD node_modules/package-json-from-dist
973 silly ADD node_modules/minipass
974 silly ADD node_modules/minimatch
975 silly ADD node_modules/jackspeak
976 silly ADD node_modules/foreground-child
977 silly ADD node_modules/@jridgewell/resolve-uri
978 silly ADD node_modules/@jridgewell/trace-mapping
979 silly ADD node_modules/@jridgewell/sourcemap-codec
980 silly ADD node_modules/ts-interface-checker
981 silly ADD node_modules/pirates
982 silly ADD node_modules/mz
983 silly ADD node_modules/lines-and-columns
984 silly ADD node_modules/glob
985 silly ADD node_modules/commander
986 silly ADD node_modules/@jridgewell/gen-mapping
987 silly ADD node_modules/queue-microtask
988 silly ADD node_modules/function-bind
989 silly ADD node_modules/hasown
990 silly ADD node_modules/supports-preserve-symlinks-flag
991 silly ADD node_modules/path-parse
992 silly ADD node_modules/is-core-module
993 silly ADD node_modules/pify
994 silly ADD node_modules/util-deprecate
995 silly ADD node_modules/cssesc
996 silly ADD node_modules/camelcase-css
997 silly ADD node_modules/read-cache
998 silly ADD node_modules/is-extglob
999 silly ADD node_modules/binary-extensions
1000 silly ADD node_modules/to-regex-range
1001 silly ADD node_modules/reusify
1002 silly ADD node_modules/run-parallel
1003 silly ADD node_modules/fastq
1004 silly ADD node_modules/@nodelib/fs.scandir
1005 silly ADD node_modules/merge2
1006 silly ADD node_modules/@nodelib/fs.walk
1007 silly ADD node_modules/@nodelib/fs.stat
1008 silly ADD node_modules/fill-range
1009 silly ADD node_modules/picomatch
1010 silly ADD node_modules/readdirp
1011 silly ADD node_modules/is-binary-path
1012 silly ADD
1013 silly ADD node_modules/braces
1014 silly ADD node_modules/anymatch
1015 silly ADD node_modules/sucrase
1016 silly ADD node_modules/resolve
1017 silly ADD node_modules/postcss-selector-parser
1018 silly ADD node_modules/postcss-nested
1019 silly ADD node_modules/postcss-load-config
1020 silly ADD node_modules/postcss-js
1021 silly ADD node_modules/postcss-import
1022 silly ADD node_modules/object-hash
1023 silly ADD node_modules/normalize-path
1024 silly ADD node_modules/micromatch
1025 silly ADD node_modules/lilconfig
1026 silly ADD node_modules/jiti
1027 silly ADD node_modules/is-glob
1028 silly ADD node_modules/glob-parent
1029 silly ADD node_modules/fast-glob
1030 silly ADD node_modules/fast-glob/node_modules/glob-parent
1031 silly ADD node_modules/dlv
1032 silly ADD node_modules/didyoumean
1033 silly ADD node_modules/chokidar
1034 silly ADD node_modules/chokidar/node_modules/glob-parent
1035 silly ADD node_modules/arg
1036 silly ADD node_modules/@alloc/quick-lru
1037 silly ADD node_modules/source-map-js
1038 silly ADD node_modules/nanoid
1039 silly ADD node_modules/update-browserslist-db
1040 silly ADD node_modules/node-releases
1041 silly ADD node_modules/electron-to-chromium
1042 silly ADD node_modules/baseline-browser-mapping
1043 silly ADD node_modules/postcss-value-parser
1044 silly ADD node_modules/picocolors
1045 silly ADD node_modules/normalize-range
1046 silly ADD node_modules/fraction.js
1047 silly ADD node_modules/caniuse-lite
1048 silly ADD node_modules/browserslist
1049 silly ADD node_modules/tailwindcss
1050 silly ADD node_modules/postcss
1051 silly ADD node_modules/autoprefixer
1052 timing command:install Completed in 5055ms
1053 notice
1053 notice New major version of npm available! 10.5.0 -> 11.6.2
1053 notice Changelog: <https://github.com/npm/cli/releases/tag/v11.6.2>
1053 notice Run `npm install -g npm@11.6.2` to update!
1053 notice
1054 verbose exit 0
1055 timing npm Completed in 5169ms
1056 info ok
